{"numFailedTestSuites":14,"numFailedTests":108,"numPassedTestSuites":23,"numPassedTests":329,"numPendingTestSuites":0,"numPendingTests":0,"numRuntimeErrorTestSuites":3,"numTodoTests":0,"numTotalTestSuites":37,"numTotalTests":437,"openHandles":[],"snapshot":{"added":0,"didUpdate":false,"failure":false,"filesAdded":0,"filesRemoved":0,"filesRemovedList":[],"filesUnmatched":0,"filesUpdated":0,"matched":0,"total":0,"unchecked":0,"uncheckedKeysByFile":[],"unmatched":0,"updated":0},"startTime":1780229796558,"success":false,"testResults":[{"assertionResults":[{"ancestorTitles":["VaultsService"],"duration":243,"failing":false,"failureDetails":[{"type":"VaultsService","context":{"index":7,"dependencies":["VaultRepository","DepositRepository","WithdrawalRepository",null,null,null,null,null,null]},"metadata":{"id":"977f0e35a0ce67c13cccf"},"moduleRef":{"id":"3bc2670aa2977f0e35a0c"}}],"failureMessages":["Error: Nest can't resolve dependencies of the VaultsService (VaultRepository, DepositRepository, WithdrawalRepository, DataSource, NotificationsService, CustomLoggerService, VaultGateway, ?, InputSanitizerService). Please make sure that the argument ContractCacheService at index [7] is available in the RootTestModule context.\n\nPotential solutions:\n- Is RootTestModule a valid NestJS module?\n- If ContractCacheService is a provider, is it part of the current RootTestModule?\n- If ContractCacheService is exported from a separate @Module, is that module imported within RootTestModule?\n  @Module({\n    imports: [ /* the Module containing ContractCacheService */ ]\n  })\n\nFor more common dependency resolution issues, see: https://docs.nestjs.com/faq/common-errors\n    at TestingInjector.lookupComponentInParentModules (C:\\Users\\Adegoke's Pc\\Desktop\\Harvest-Finance\\harvest-finance\\backend\\node_modules\\@nestjs\\core\\injector\\injector.js:290:19)\n    at TestingInjector.resolveComponentWrapper (C:\\Users\\Adegoke's Pc\\Desktop\\Harvest-Finance\\harvest-finance\\backend\\node_modules\\@nestjs\\testing\\testing-injector.js:19:45)\n    at resolveParam (C:\\Users\\Adegoke's Pc\\Desktop\\Harvest-Finance\\harvest-finance\\backend\\node_modules\\@nestjs\\core\\injector\\injector.js:140:38)\n    at async Promise.all (index 7)\n    at TestingInjector.resolveConstructorParams (C:\\Users\\Adegoke's Pc\\Desktop\\Harvest-Finance\\harvest-finance\\backend\\node_modules\\@nestjs\\core\\injector\\injector.js:169:27)\n    at TestingInjector.loadInstance (C:\\Users\\Adegoke's Pc\\Desktop\\Harvest-Finance\\harvest-finance\\backend\\node_modules\\@nestjs\\core\\injector\\injector.js:75:13)\n    at TestingInjector.loadProvider (C:\\Users\\Adegoke's Pc\\Desktop\\Harvest-Finance\\harvest-finance\\backend\\node_modules\\@nestjs\\core\\injector\\injector.js:103:9)\n    at C:\\Users\\Adegoke's Pc\\Desktop\\Harvest-Finance\\harvest-finance\\backend\\node_modules\\@nestjs\\core\\injector\\instance-loader.js:56:13\n    at async Promise.all (index 3)\n    at TestingInstanceLoader.createInstancesOfProviders (C:\\Users\\Adegoke's Pc\\Desktop\\Harvest-Finance\\harvest-finance\\backend\\node_modules\\@nestjs\\core\\injector\\instance-loader.js:55:9)\n    at C:\\Users\\Adegoke's Pc\\Desktop\\Harvest-Finance\\harvest-finance\\backend\\node_modules\\@nestjs\\core\\injector\\instance-loader.js:40:13\n    at async Promise.all (index 1)\n    at TestingInstanceLoader.createInstances (C:\\Users\\Adegoke's Pc\\Desktop\\Harvest-Finance\\harvest-finance\\backend\\node_modules\\@nestjs\\core\\injector\\instance-loader.js:39:9)\n    at TestingInstanceLoader.createInstancesOfDependencies (C:\\Users\\Adegoke's Pc\\Desktop\\Harvest-Finance\\harvest-finance\\backend\\node_modules\\@nestjs\\core\\injector\\instance-loader.js:22:13)\n    at TestingInstanceLoader.createInstancesOfDependencies (C:\\Users\\Adegoke's Pc\\Desktop\\Harvest-Finance\\harvest-finance\\backend\\node_modules\\@nestjs\\testing\\testing-instance-loader.js:9:9)\n    at TestingModuleBuilder.createInstancesOfDependencies (C:\\Users\\Adegoke's Pc\\Desktop\\Harvest-Finance\\harvest-finance\\backend\\node_modules\\@nestjs\\testing\\testing-module.builder.js:118:9)\n    at TestingModuleBuilder.compile (C:\\Users\\Adegoke's Pc\\Desktop\\Harvest-Finance\\harvest-finance\\backend\\node_modules\\@nestjs\\testing\\testing-module.builder.js:74:9)\n    at Object.<anonymous> (C:\\Users\\Adegoke's Pc\\Desktop\\Harvest-Finance\\harvest-finance\\backend\\src\\vaults\\vaults.service.spec.ts:67:35)"],"fullName":"VaultsService should be defined","invocations":1,"location":null,"numPassingAsserts":0,"retryReasons":[],"startAt":1780229909539,"status":"failed","title":"should be defined"},{"ancestorTitles":["VaultsService","withdrawFromVault"],"duration":14,"failing":false,"failureDetails":[{"type":"VaultsService","context":{"index":7,"dependencies":["VaultRepository","DepositRepository","WithdrawalRepository",null,null,null,null,null,null]},"metadata":{"id":"fe53015a9f77f09f22e7e"},"moduleRef":{"id":"ccf5d17ddefe53015a9f7"}}],"failureMessages":["Error: Nest can't resolve dependencies of the VaultsService (VaultRepository, DepositRepository, WithdrawalRepository, DataSource, NotificationsService, CustomLoggerService, VaultGateway, ?, InputSanitizerService). Please make sure that the argument ContractCacheService at index [7] is available in the RootTestModule context.\n\nPotential solutions:\n- Is RootTestModule a valid NestJS module?\n- If ContractCacheService is a provider, is it part of the current RootTestModule?\n- If ContractCacheService is exported from a separate @Module, is that module imported within RootTestModule?\n  @Module({\n    imports: [ /* the Module containing ContractCacheService */ ]\n  })\n\nFor more common dependency resolution issues, see: https://docs.nestjs.com/faq/common-errors\n    at TestingInjector.lookupComponentInParentModules (C:\\Users\\Adegoke's Pc\\Desktop\\Harvest-Finance\\harvest-finance\\backend\\node_modules\\@nestjs\\core\\injector\\injector.js:290:19)\n    at TestingInjector.resolveComponentWrapper (C:\\Users\\Adegoke's Pc\\Desktop\\Harvest-Finance\\harvest-finance\\backend\\node_modules\\@nestjs\\testing\\testing-injector.js:19:45)\n    at resolveParam (C:\\Users\\Adegoke's Pc\\Desktop\\Harvest-Finance\\harvest-finance\\backend\\node_modules\\@nestjs\\core\\injector\\injector.js:140:38)\n    at async Promise.all (index 7)\n    at TestingInjector.resolveConstructorParams (C:\\Users\\Adegoke's Pc\\Desktop\\Harvest-Finance\\harvest-finance\\backend\\node_modules\\@nestjs\\core\\injector\\injector.js:169:27)\n    at TestingInjector.loadInstance (C:\\Users\\Adegoke's Pc\\Desktop\\Harvest-Finance\\harvest-finance\\backend\\node_modules\\@nestjs\\core\\injector\\injector.js:75:13)\n    at TestingInjector.loadProvider (C:\\Users\\Adegoke's Pc\\Desktop\\Harvest-Finance\\harvest-finance\\backend\\node_modules\\@nestjs\\core\\injector\\injector.js:103:9)\n    at C:\\Users\\Adegoke's Pc\\Desktop\\Harvest-Finance\\harvest-finance\\backend\\node_modules\\@nestjs\\core\\injector\\instance-loader.js:56:13\n    at async Promise.all (index 3)\n    at TestingInstanceLoader.createInstancesOfProviders (C:\\Users\\Adegoke's Pc\\Desktop\\Harvest-Finance\\harvest-finance\\backend\\node_modules\\@nestjs\\core\\injector\\instance-loader.js:55:9)\n    at C:\\Users\\Adegoke's Pc\\Desktop\\Harvest-Finance\\harvest-finance\\backend\\node_modules\\@nestjs\\core\\injector\\instance-loader.js:40:13\n    at async Promise.all (index 1)\n    at TestingInstanceLoader.createInstances (C:\\Users\\Adegoke's Pc\\Desktop\\Harvest-Finance\\harvest-finance\\backend\\node_modules\\@nestjs\\core\\injector\\instance-loader.js:39:9)\n    at TestingInstanceLoader.createInstancesOfDependencies (C:\\Users\\Adegoke's Pc\\Desktop\\Harvest-Finance\\harvest-finance\\backend\\node_modules\\@nestjs\\core\\injector\\instance-loader.js:22:13)\n    at TestingInstanceLoader.createInstancesOfDependencies (C:\\Users\\Adegoke's Pc\\Desktop\\Harvest-Finance\\harvest-finance\\backend\\node_modules\\@nestjs\\testing\\testing-instance-loader.js:9:9)\n    at TestingModuleBuilder.createInstancesOfDependencies (C:\\Users\\Adegoke's Pc\\Desktop\\Harvest-Finance\\harvest-finance\\backend\\node_modules\\@nestjs\\testing\\testing-module.builder.js:118:9)\n    at TestingModuleBuilder.compile (C:\\Users\\Adegoke's Pc\\Desktop\\Harvest-Finance\\harvest-finance\\backend\\node_modules\\@nestjs\\testing\\testing-module.builder.js:74:9)\n    at Object.<anonymous> (C:\\Users\\Adegoke's Pc\\Desktop\\Harvest-Finance\\harvest-finance\\backend\\src\\vaults\\vaults.service.spec.ts:67:35)"],"fullName":"VaultsService withdrawFromVault should successfully withdraw funds","invocations":1,"location":null,"numPassingAsserts":0,"retryReasons":[],"startAt":1780229910201,"status":"failed","title":"should successfully withdraw funds"},{"ancestorTitles":["VaultsService","withdrawFromVault"],"duration":14,"failing":false,"failureDetails":[{"type":"VaultsService","context":{"index":7,"dependencies":["VaultRepository","DepositRepository","WithdrawalRepository",null,null,null,null,null,null]},"metadata":{"id":"9832af228c7cbd15f42aa"},"moduleRef":{"id":"e7ee9a821a9832af228c7"}}],"failureMessages":["Error: Nest can't resolve dependencies of the VaultsService (VaultRepository, DepositRepository, WithdrawalRepository, DataSource, NotificationsService, CustomLoggerService, VaultGateway, ?, InputSanitizerService). Please make sure that the argument ContractCacheService at index [7] is available in the RootTestModule context.\n\nPotential solutions:\n- Is RootTestModule a valid NestJS module?\n- If ContractCacheService is a provider, is it part of the current RootTestModule?\n- If ContractCacheService is exported from a separate @Module, is that module imported within RootTestModule?\n  @Module({\n    imports: [ /* the Module containing ContractCacheService */ ]\n  })\n\nFor more common dependency resolution issues, see: https://docs.nestjs.com/faq/common-errors\n    at TestingInjector.lookupComponentInParentModules (C:\\Users\\Adegoke's Pc\\Desktop\\Harvest-Finance\\harvest-finance\\backend\\node_modules\\@nestjs\\core\\injector\\injector.js:290:19)\n    at TestingInjector.resolveComponentWrapper (C:\\Users\\Adegoke's Pc\\Desktop\\Harvest-Finance\\harvest-finance\\backend\\node_modules\\@nestjs\\testing\\testing-injector.js:19:45)\n    at resolveParam (C:\\Users\\Adegoke's Pc\\Desktop\\Harvest-Finance\\harvest-finance\\backend\\node_modules\\@nestjs\\core\\injector\\injector.js:140:38)\n    at async Promise.all (index 7)\n    at TestingInjector.resolveConstructorParams (C:\\Users\\Adegoke's Pc\\Desktop\\Harvest-Finance\\harvest-finance\\backend\\node_modules\\@nestjs\\core\\injector\\injector.js:169:27)\n    at TestingInjector.loadInstance (C:\\Users\\Adegoke's Pc\\Desktop\\Harvest-Finance\\harvest-finance\\backend\\node_modules\\@nestjs\\core\\injector\\injector.js:75:13)\n    at TestingInjector.loadProvider (C:\\Users\\Adegoke's Pc\\Desktop\\Harvest-Finance\\harvest-finance\\backend\\node_modules\\@nestjs\\core\\injector\\injector.js:103:9)\n    at C:\\Users\\Adegoke's Pc\\Desktop\\Harvest-Finance\\harvest-finance\\backend\\node_modules\\@nestjs\\core\\injector\\instance-loader.js:56:13\n    at async Promise.all (index 3)\n    at TestingInstanceLoader.createInstancesOfProviders (C:\\Users\\Adegoke's Pc\\Desktop\\Harvest-Finance\\harvest-finance\\backend\\node_modules\\@nestjs\\core\\injector\\instance-loader.js:55:9)\n    at C:\\Users\\Adegoke's Pc\\Desktop\\Harvest-Finance\\harvest-finance\\backend\\node_modules\\@nestjs\\core\\injector\\instance-loader.js:40:13\n    at async Promise.all (index 1)\n    at TestingInstanceLoader.createInstances (C:\\Users\\Adegoke's Pc\\Desktop\\Harvest-Finance\\harvest-finance\\backend\\node_modules\\@nestjs\\core\\injector\\instance-loader.js:39:9)\n    at TestingInstanceLoader.createInstancesOfDependencies (C:\\Users\\Adegoke's Pc\\Desktop\\Harvest-Finance\\harvest-finance\\backend\\node_modules\\@nestjs\\core\\injector\\instance-loader.js:22:13)\n    at TestingInstanceLoader.createInstancesOfDependencies (C:\\Users\\Adegoke's Pc\\Desktop\\Harvest-Finance\\harvest-finance\\backend\\node_modules\\@nestjs\\testing\\testing-instance-loader.js:9:9)\n    at TestingModuleBuilder.createInstancesOfDependencies (C:\\Users\\Adegoke's Pc\\Desktop\\Harvest-Finance\\harvest-finance\\backend\\node_modules\\@nestjs\\testing\\testing-module.builder.js:118:9)\n    at TestingModuleBuilder.compile (C:\\Users\\Adegoke's Pc\\Desktop\\Harvest-Finance\\harvest-finance\\backend\\node_modules\\@nestjs\\testing\\testing-module.builder.js:74:9)\n    at Object.<anonymous> (C:\\Users\\Adegoke's Pc\\Desktop\\Harvest-Finance\\harvest-finance\\backend\\src\\vaults\\vaults.service.spec.ts:67:35)"],"fullName":"VaultsService withdrawFromVault should throw NotFoundException if vault not found","invocations":1,"location":null,"numPassingAsserts":0,"retryReasons":[],"startAt":1780229910218,"status":"failed","title":"should throw NotFoundException if vault not found"},{"ancestorTitles":["VaultsService","withdrawFromVault"],"duration":10,"failing":false,"failureDetails":[{"type":"VaultsService","context":{"index":7,"dependencies":["VaultRepository","DepositRepository","WithdrawalRepository",null,null,null,null,null,null]},"metadata":{"id":"038fbdefbeae851a7f947"},"moduleRef":{"id":"2aa5eef44a038fbdefbea"}}],"failureMessages":["Error: Nest can't resolve dependencies of the VaultsService (VaultRepository, DepositRepository, WithdrawalRepository, DataSource, NotificationsService, CustomLoggerService, VaultGateway, ?, InputSanitizerService). Please make sure that the argument ContractCacheService at index [7] is available in the RootTestModule context.\n\nPotential solutions:\n- Is RootTestModule a valid NestJS module?\n- If ContractCacheService is a provider, is it part of the current RootTestModule?\n- If ContractCacheService is exported from a separate @Module, is that module imported within RootTestModule?\n  @Module({\n    imports: [ /* the Module containing ContractCacheService */ ]\n  })\n\nFor more common dependency resolution issues, see: https://docs.nestjs.com/faq/common-errors\n    at TestingInjector.lookupComponentInParentModules (C:\\Users\\Adegoke's Pc\\Desktop\\Harvest-Finance\\harvest-finance\\backend\\node_modules\\@nestjs\\core\\injector\\injector.js:290:19)\n    at TestingInjector.resolveComponentWrapper (C:\\Users\\Adegoke's Pc\\Desktop\\Harvest-Finance\\harvest-finance\\backend\\node_modules\\@nestjs\\testing\\testing-injector.js:19:45)\n    at resolveParam (C:\\Users\\Adegoke's Pc\\Desktop\\Harvest-Finance\\harvest-finance\\backend\\node_modules\\@nestjs\\core\\injector\\injector.js:140:38)\n    at async Promise.all (index 7)\n    at TestingInjector.resolveConstructorParams (C:\\Users\\Adegoke's Pc\\Desktop\\Harvest-Finance\\harvest-finance\\backend\\node_modules\\@nestjs\\core\\injector\\injector.js:169:27)\n    at TestingInjector.loadInstance (C:\\Users\\Adegoke's Pc\\Desktop\\Harvest-Finance\\harvest-finance\\backend\\node_modules\\@nestjs\\core\\injector\\injector.js:75:13)\n    at TestingInjector.loadProvider (C:\\Users\\Adegoke's Pc\\Desktop\\Harvest-Finance\\harvest-finance\\backend\\node_modules\\@nestjs\\core\\injector\\injector.js:103:9)\n    at C:\\Users\\Adegoke's Pc\\Desktop\\Harvest-Finance\\harvest-finance\\backend\\node_modules\\@nestjs\\core\\injector\\instance-loader.js:56:13\n    at async Promise.all (index 3)\n    at TestingInstanceLoader.createInstancesOfProviders (C:\\Users\\Adegoke's Pc\\Desktop\\Harvest-Finance\\harvest-finance\\backend\\node_modules\\@nestjs\\core\\injector\\instance-loader.js:55:9)\n    at C:\\Users\\Adegoke's Pc\\Desktop\\Harvest-Finance\\harvest-finance\\backend\\node_modules\\@nestjs\\core\\injector\\instance-loader.js:40:13\n    at async Promise.all (index 1)\n    at TestingInstanceLoader.createInstances (C:\\Users\\Adegoke's Pc\\Desktop\\Harvest-Finance\\harvest-finance\\backend\\node_modules\\@nestjs\\core\\injector\\instance-loader.js:39:9)\n    at TestingInstanceLoader.createInstancesOfDependencies (C:\\Users\\Adegoke's Pc\\Desktop\\Harvest-Finance\\harvest-finance\\backend\\node_modules\\@nestjs\\core\\injector\\instance-loader.js:22:13)\n    at TestingInstanceLoader.createInstancesOfDependencies (C:\\Users\\Adegoke's Pc\\Desktop\\Harvest-Finance\\harvest-finance\\backend\\node_modules\\@nestjs\\testing\\testing-instance-loader.js:9:9)\n    at TestingModuleBuilder.createInstancesOfDependencies (C:\\Users\\Adegoke's Pc\\Desktop\\Harvest-Finance\\harvest-finance\\backend\\node_modules\\@nestjs\\testing\\testing-module.builder.js:118:9)\n    at TestingModuleBuilder.compile (C:\\Users\\Adegoke's Pc\\Desktop\\Harvest-Finance\\harvest-finance\\backend\\node_modules\\@nestjs\\testing\\testing-module.builder.js:74:9)\n    at Object.<anonymous> (C:\\Users\\Adegoke's Pc\\Desktop\\Harvest-Finance\\harvest-finance\\backend\\src\\vaults\\vaults.service.spec.ts:67:35)"],"fullName":"VaultsService withdrawFromVault should throw BadRequestException if insufficient user balance","invocations":1,"location":null,"numPassingAsserts":0,"retryReasons":[],"startAt":1780229910235,"status":"failed","title":"should throw BadRequestException if insufficient user balance"},{"ancestorTitles":["VaultsService","withdrawFromVault"],"duration":10,"failing":false,"failureDetails":[{"type":"VaultsService","context":{"index":7,"dependencies":["VaultRepository","DepositRepository","WithdrawalRepository",null,null,null,null,null,null]},"metadata":{"id":"98df087590e3ae970df8b"},"moduleRef":{"id":"9472b6354e98df087590e"}}],"failureMessages":["Error: Nest can't resolve dependencies of the VaultsService (VaultRepository, DepositRepository, WithdrawalRepository, DataSource, NotificationsService, CustomLoggerService, VaultGateway, ?, InputSanitizerService). Please make sure that the argument ContractCacheService at index [7] is available in the RootTestModule context.\n\nPotential solutions:\n- Is RootTestModule a valid NestJS module?\n- If ContractCacheService is a provider, is it part of the current RootTestModule?\n- If ContractCacheService is exported from a separate @Module, is that module imported within RootTestModule?\n  @Module({\n    imports: [ /* the Module containing ContractCacheService */ ]\n  })\n\nFor more common dependency resolution issues, see: https://docs.nestjs.com/faq/common-errors\n    at TestingInjector.lookupComponentInParentModules (C:\\Users\\Adegoke's Pc\\Desktop\\Harvest-Finance\\harvest-finance\\backend\\node_modules\\@nestjs\\core\\injector\\injector.js:290:19)\n    at TestingInjector.resolveComponentWrapper (C:\\Users\\Adegoke's Pc\\Desktop\\Harvest-Finance\\harvest-finance\\backend\\node_modules\\@nestjs\\testing\\testing-injector.js:19:45)\n    at resolveParam (C:\\Users\\Adegoke's Pc\\Desktop\\Harvest-Finance\\harvest-finance\\backend\\node_modules\\@nestjs\\core\\injector\\injector.js:140:38)\n    at async Promise.all (index 7)\n    at TestingInjector.resolveConstructorParams (C:\\Users\\Adegoke's Pc\\Desktop\\Harvest-Finance\\harvest-finance\\backend\\node_modules\\@nestjs\\core\\injector\\injector.js:169:27)\n    at TestingInjector.loadInstance (C:\\Users\\Adegoke's Pc\\Desktop\\Harvest-Finance\\harvest-finance\\backend\\node_modules\\@nestjs\\core\\injector\\injector.js:75:13)\n    at TestingInjector.loadProvider (C:\\Users\\Adegoke's Pc\\Desktop\\Harvest-Finance\\harvest-finance\\backend\\node_modules\\@nestjs\\core\\injector\\injector.js:103:9)\n    at C:\\Users\\Adegoke's Pc\\Desktop\\Harvest-Finance\\harvest-finance\\backend\\node_modules\\@nestjs\\core\\injector\\instance-loader.js:56:13\n    at async Promise.all (index 3)\n    at TestingInstanceLoader.createInstancesOfProviders (C:\\Users\\Adegoke's Pc\\Desktop\\Harvest-Finance\\harvest-finance\\backend\\node_modules\\@nestjs\\core\\injector\\instance-loader.js:55:9)\n    at C:\\Users\\Adegoke's Pc\\Desktop\\Harvest-Finance\\harvest-finance\\backend\\node_modules\\@nestjs\\core\\injector\\instance-loader.js:40:13\n    at async Promise.all (index 1)\n    at TestingInstanceLoader.createInstances (C:\\Users\\Adegoke's Pc\\Desktop\\Harvest-Finance\\harvest-finance\\backend\\node_modules\\@nestjs\\core\\injector\\instance-loader.js:39:9)\n    at TestingInstanceLoader.createInstancesOfDependencies (C:\\Users\\Adegoke's Pc\\Desktop\\Harvest-Finance\\harvest-finance\\backend\\node_modules\\@nestjs\\core\\injector\\instance-loader.js:22:13)\n    at TestingInstanceLoader.createInstancesOfDependencies (C:\\Users\\Adegoke's Pc\\Desktop\\Harvest-Finance\\harvest-finance\\backend\\node_modules\\@nestjs\\testing\\testing-instance-loader.js:9:9)\n    at TestingModuleBuilder.createInstancesOfDependencies (C:\\Users\\Adegoke's Pc\\Desktop\\Harvest-Finance\\harvest-finance\\backend\\node_modules\\@nestjs\\testing\\testing-module.builder.js:118:9)\n    at TestingModuleBuilder.compile (C:\\Users\\Adegoke's Pc\\Desktop\\Harvest-Finance\\harvest-finance\\backend\\node_modules\\@nestjs\\testing\\testing-module.builder.js:74:9)\n    at Object.<anonymous> (C:\\Users\\Adegoke's Pc\\Desktop\\Harvest-Finance\\harvest-finance\\backend\\src\\vaults\\vaults.service.spec.ts:67:35)"],"fullName":"VaultsService withdrawFromVault should throw BadRequestException if amount is zero","invocations":1,"location":null,"numPassingAsserts":0,"retryReasons":[],"startAt":1780229910247,"status":"failed","title":"should throw BadRequestException if amount is zero"},{"ancestorTitles":["VaultsService","depositToVault"],"duration":8,"failing":false,"failureDetails":[{"type":"VaultsService","context":{"index":7,"dependencies":["VaultRepository","DepositRepository","WithdrawalRepository",null,null,null,null,null,null]},"metadata":{"id":"e3b95308104a090a1d45c"},"moduleRef":{"id":"f8b20aabeee3b95308104"}}],"failureMessages":["Error: Nest can't resolve dependencies of the VaultsService (VaultRepository, DepositRepository, WithdrawalRepository, DataSource, NotificationsService, CustomLoggerService, VaultGateway, ?, InputSanitizerService). Please make sure that the argument ContractCacheService at index [7] is available in the RootTestModule context.\n\nPotential solutions:\n- Is RootTestModule a valid NestJS module?\n- If ContractCacheService is a provider, is it part of the current RootTestModule?\n- If ContractCacheService is exported from a separate @Module, is that module imported within RootTestModule?\n  @Module({\n    imports: [ /* the Module containing ContractCacheService */ ]\n  })\n\nFor more common dependency resolution issues, see: https://docs.nestjs.com/faq/common-errors\n    at TestingInjector.lookupComponentInParentModules (C:\\Users\\Adegoke's Pc\\Desktop\\Harvest-Finance\\harvest-finance\\backend\\node_modules\\@nestjs\\core\\injector\\injector.js:290:19)\n    at TestingInjector.resolveComponentWrapper (C:\\Users\\Adegoke's Pc\\Desktop\\Harvest-Finance\\harvest-finance\\backend\\node_modules\\@nestjs\\testing\\testing-injector.js:19:45)\n    at resolveParam (C:\\Users\\Adegoke's Pc\\Desktop\\Harvest-Finance\\harvest-finance\\backend\\node_modules\\@nestjs\\core\\injector\\injector.js:140:38)\n    at async Promise.all (index 7)\n    at TestingInjector.resolveConstructorParams (C:\\Users\\Adegoke's Pc\\Desktop\\Harvest-Finance\\harvest-finance\\backend\\node_modules\\@nestjs\\core\\injector\\injector.js:169:27)\n    at TestingInjector.loadInstance (C:\\Users\\Adegoke's Pc\\Desktop\\Harvest-Finance\\harvest-finance\\backend\\node_modules\\@nestjs\\core\\injector\\injector.js:75:13)\n    at TestingInjector.loadProvider (C:\\Users\\Adegoke's Pc\\Desktop\\Harvest-Finance\\harvest-finance\\backend\\node_modules\\@nestjs\\core\\injector\\injector.js:103:9)\n    at C:\\Users\\Adegoke's Pc\\Desktop\\Harvest-Finance\\harvest-finance\\backend\\node_modules\\@nestjs\\core\\injector\\instance-loader.js:56:13\n    at async Promise.all (index 3)\n    at TestingInstanceLoader.createInstancesOfProviders (C:\\Users\\Adegoke's Pc\\Desktop\\Harvest-Finance\\harvest-finance\\backend\\node_modules\\@nestjs\\core\\injector\\instance-loader.js:55:9)\n    at C:\\Users\\Adegoke's Pc\\Desktop\\Harvest-Finance\\harvest-finance\\backend\\node_modules\\@nestjs\\core\\injector\\instance-loader.js:40:13\n    at async Promise.all (index 1)\n    at TestingInstanceLoader.createInstances (C:\\Users\\Adegoke's Pc\\Desktop\\Harvest-Finance\\harvest-finance\\backend\\node_modules\\@nestjs\\core\\injector\\instance-loader.js:39:9)\n    at TestingInstanceLoader.createInstancesOfDependencies (C:\\Users\\Adegoke's Pc\\Desktop\\Harvest-Finance\\harvest-finance\\backend\\node_modules\\@nestjs\\core\\injector\\instance-loader.js:22:13)\n    at TestingInstanceLoader.createInstancesOfDependencies (C:\\Users\\Adegoke's Pc\\Desktop\\Harvest-Finance\\harvest-finance\\backend\\node_modules\\@nestjs\\testing\\testing-instance-loader.js:9:9)\n    at TestingModuleBuilder.createInstancesOfDependencies (C:\\Users\\Adegoke's Pc\\Desktop\\Harvest-Finance\\harvest-finance\\backend\\node_modules\\@nestjs\\testing\\testing-module.builder.js:118:9)\n    at TestingModuleBuilder.compile (C:\\Users\\Adegoke's Pc\\Desktop\\Harvest-Finance\\harvest-finance\\backend\\node_modules\\@nestjs\\testing\\testing-module.builder.js:74:9)\n    at Object.<anonymous> (C:\\Users\\Adegoke's Pc\\Desktop\\Harvest-Finance\\harvest-finance\\backend\\src\\vaults\\vaults.service.spec.ts:67:35)"],"fullName":"VaultsService depositToVault should throw BadRequestException if vault is not active","invocations":1,"location":null,"numPassingAsserts":0,"retryReasons":[],"startAt":1780229910260,"status":"failed","title":"should throw BadRequestException if vault is not active"},{"ancestorTitles":["VaultsService","depositToVault"],"duration":11,"failing":false,"failureDetails":[{"type":"VaultsService","context":{"index":7,"dependencies":["VaultRepository","DepositRepository","WithdrawalRepository",null,null,null,null,null,null]},"metadata":{"id":"519c0a629adbd8d9930d7"},"moduleRef":{"id":"45c7cc9499519c0a629ad"}}],"failureMessages":["Error: Nest can't resolve dependencies of the VaultsService (VaultRepository, DepositRepository, WithdrawalRepository, DataSource, NotificationsService, CustomLoggerService, VaultGateway, ?, InputSanitizerService). Please make sure that the argument ContractCacheService at index [7] is available in the RootTestModule context.\n\nPotential solutions:\n- Is RootTestModule a valid NestJS module?\n- If ContractCacheService is a provider, is it part of the current RootTestModule?\n- If ContractCacheService is exported from a separate @Module, is that module imported within RootTestModule?\n  @Module({\n    imports: [ /* the Module containing ContractCacheService */ ]\n  })\n\nFor more common dependency resolution issues, see: https://docs.nestjs.com/faq/common-errors\n    at TestingInjector.lookupComponentInParentModules (C:\\Users\\Adegoke's Pc\\Desktop\\Harvest-Finance\\harvest-finance\\backend\\node_modules\\@nestjs\\core\\injector\\injector.js:290:19)\n    at TestingInjector.resolveComponentWrapper (C:\\Users\\Adegoke's Pc\\Desktop\\Harvest-Finance\\harvest-finance\\backend\\node_modules\\@nestjs\\testing\\testing-injector.js:19:45)\n    at resolveParam (C:\\Users\\Adegoke's Pc\\Desktop\\Harvest-Finance\\harvest-finance\\backend\\node_modules\\@nestjs\\core\\injector\\injector.js:140:38)\n    at async Promise.all (index 7)\n    at TestingInjector.resolveConstructorParams (C:\\Users\\Adegoke's Pc\\Desktop\\Harvest-Finance\\harvest-finance\\backend\\node_modules\\@nestjs\\core\\injector\\injector.js:169:27)\n    at TestingInjector.loadInstance (C:\\Users\\Adegoke's Pc\\Desktop\\Harvest-Finance\\harvest-finance\\backend\\node_modules\\@nestjs\\core\\injector\\injector.js:75:13)\n    at TestingInjector.loadProvider (C:\\Users\\Adegoke's Pc\\Desktop\\Harvest-Finance\\harvest-finance\\backend\\node_modules\\@nestjs\\core\\injector\\injector.js:103:9)\n    at C:\\Users\\Adegoke's Pc\\Desktop\\Harvest-Finance\\harvest-finance\\backend\\node_modules\\@nestjs\\core\\injector\\instance-loader.js:56:13\n    at async Promise.all (index 3)\n    at TestingInstanceLoader.createInstancesOfProviders (C:\\Users\\Adegoke's Pc\\Desktop\\Harvest-Finance\\harvest-finance\\backend\\node_modules\\@nestjs\\core\\injector\\instance-loader.js:55:9)\n    at C:\\Users\\Adegoke's Pc\\Desktop\\Harvest-Finance\\harvest-finance\\backend\\node_modules\\@nestjs\\core\\injector\\instance-loader.js:40:13\n    at async Promise.all (index 1)\n    at TestingInstanceLoader.createInstances (C:\\Users\\Adegoke's Pc\\Desktop\\Harvest-Finance\\harvest-finance\\backend\\node_modules\\@nestjs\\core\\injector\\instance-loader.js:39:9)\n    at TestingInstanceLoader.createInstancesOfDependencies (C:\\Users\\Adegoke's Pc\\Desktop\\Harvest-Finance\\harvest-finance\\backend\\node_modules\\@nestjs\\core\\injector\\instance-loader.js:22:13)\n    at TestingInstanceLoader.createInstancesOfDependencies (C:\\Users\\Adegoke's Pc\\Desktop\\Harvest-Finance\\harvest-finance\\backend\\node_modules\\@nestjs\\testing\\testing-instance-loader.js:9:9)\n    at TestingModuleBuilder.createInstancesOfDependencies (C:\\Users\\Adegoke's Pc\\Desktop\\Harvest-Finance\\harvest-finance\\backend\\node_modules\\@nestjs\\testing\\testing-module.builder.js:118:9)\n    at TestingModuleBuilder.compile (C:\\Users\\Adegoke's Pc\\Desktop\\Harvest-Finance\\harvest-finance\\backend\\node_modules\\@nestjs\\testing\\testing-module.builder.js:74:9)\n    at Object.<anonymous> (C:\\Users\\Adegoke's Pc\\Desktop\\Harvest-Finance\\harvest-finance\\backend\\src\\vaults\\vaults.service.spec.ts:67:35)"],"fullName":"VaultsService depositToVault should throw NotFoundException if vault not found","invocations":1,"location":null,"numPassingAsserts":0,"retryReasons":[],"startAt":1780229910270,"status":"failed","title":"should throw NotFoundException if vault not found"},{"ancestorTitles":["VaultsService","depositToVault"],"duration":7,"failing":false,"failureDetails":[{"type":"VaultsService","context":{"index":7,"dependencies":["VaultRepository","DepositRepository","WithdrawalRepository",null,null,null,null,null,null]},"metadata":{"id":"ad2adb2472b2867e866ac"},"moduleRef":{"id":"0d720e4fc0ad2adb2472b"}}],"failureMessages":["Error: Nest can't resolve dependencies of the VaultsService (VaultRepository, DepositRepository, WithdrawalRepository, DataSource, NotificationsService, CustomLoggerService, VaultGateway, ?, InputSanitizerService). Please make sure that the argument ContractCacheService at index [7] is available in the RootTestModule context.\n\nPotential solutions:\n- Is RootTestModule a valid NestJS module?\n- If ContractCacheService is a provider, is it part of the current RootTestModule?\n- If ContractCacheService is exported from a separate @Module, is that module imported within RootTestModule?\n  @Module({\n    imports: [ /* the Module containing ContractCacheService */ ]\n  })\n\nFor more common dependency resolution issues, see: https://docs.nestjs.com/faq/common-errors\n    at TestingInjector.lookupComponentInParentModules (C:\\Users\\Adegoke's Pc\\Desktop\\Harvest-Finance\\harvest-finance\\backend\\node_modules\\@nestjs\\core\\injector\\injector.js:290:19)\n    at TestingInjector.resolveComponentWrapper (C:\\Users\\Adegoke's Pc\\Desktop\\Harvest-Finance\\harvest-finance\\backend\\node_modules\\@nestjs\\testing\\testing-injector.js:19:45)\n    at resolveParam (C:\\Users\\Adegoke's Pc\\Desktop\\Harvest-Finance\\harvest-finance\\backend\\node_modules\\@nestjs\\core\\injector\\injector.js:140:38)\n    at async Promise.all (index 7)\n    at TestingInjector.resolveConstructorParams (C:\\Users\\Adegoke's Pc\\Desktop\\Harvest-Finance\\harvest-finance\\backend\\node_modules\\@nestjs\\core\\injector\\injector.js:169:27)\n    at TestingInjector.loadInstance (C:\\Users\\Adegoke's Pc\\Desktop\\Harvest-Finance\\harvest-finance\\backend\\node_modules\\@nestjs\\core\\injector\\injector.js:75:13)\n    at TestingInjector.loadProvider (C:\\Users\\Adegoke's Pc\\Desktop\\Harvest-Finance\\harvest-finance\\backend\\node_modules\\@nestjs\\core\\injector\\injector.js:103:9)\n    at C:\\Users\\Adegoke's Pc\\Desktop\\Harvest-Finance\\harvest-finance\\backend\\node_modules\\@nestjs\\core\\injector\\instance-loader.js:56:13\n    at async Promise.all (index 3)\n    at TestingInstanceLoader.createInstancesOfProviders (C:\\Users\\Adegoke's Pc\\Desktop\\Harvest-Finance\\harvest-finance\\backend\\node_modules\\@nestjs\\core\\injector\\instance-loader.js:55:9)\n    at C:\\Users\\Adegoke's Pc\\Desktop\\Harvest-Finance\\harvest-finance\\backend\\node_modules\\@nestjs\\core\\injector\\instance-loader.js:40:13\n    at async Promise.all (index 1)\n    at TestingInstanceLoader.createInstances (C:\\Users\\Adegoke's Pc\\Desktop\\Harvest-Finance\\harvest-finance\\backend\\node_modules\\@nestjs\\core\\injector\\instance-loader.js:39:9)\n    at TestingInstanceLoader.createInstancesOfDependencies (C:\\Users\\Adegoke's Pc\\Desktop\\Harvest-Finance\\harvest-finance\\backend\\node_modules\\@nestjs\\core\\injector\\instance-loader.js:22:13)\n    at TestingInstanceLoader.createInstancesOfDependencies (C:\\Users\\Adegoke's Pc\\Desktop\\Harvest-Finance\\harvest-finance\\backend\\node_modules\\@nestjs\\testing\\testing-instance-loader.js:9:9)\n    at TestingModuleBuilder.createInstancesOfDependencies (C:\\Users\\Adegoke's Pc\\Desktop\\Harvest-Finance\\harvest-finance\\backend\\node_modules\\@nestjs\\testing\\testing-module.builder.js:118:9)\n    at TestingModuleBuilder.compile (C:\\Users\\Adegoke's Pc\\Desktop\\Harvest-Finance\\harvest-finance\\backend\\node_modules\\@nestjs\\testing\\testing-module.builder.js:74:9)\n    at Object.<anonymous> (C:\\Users\\Adegoke's Pc\\Desktop\\Harvest-Finance\\harvest-finance\\backend\\src\\vaults\\vaults.service.spec.ts:67:35)"],"fullName":"VaultsService depositToVault should throw BadRequestException for zero deposit","invocations":1,"location":null,"numPassingAsserts":0,"retryReasons":[],"startAt":1780229910284,"status":"failed","title":"should throw BadRequestException for zero deposit"},{"ancestorTitles":["VaultsService","depositToVault"],"duration":9,"failing":false,"failureDetails":[{"type":"VaultsService","context":{"index":7,"dependencies":["VaultRepository","DepositRepository","WithdrawalRepository",null,null,null,null,null,null]},"metadata":{"id":"a91adaec4e8a95c249577"},"moduleRef":{"id":"6acf17fd9ba91adaec4e8"}}],"failureMessages":["Error: Nest can't resolve dependencies of the VaultsService (VaultRepository, DepositRepository, WithdrawalRepository, DataSource, NotificationsService, CustomLoggerService, VaultGateway, ?, InputSanitizerService). Please make sure that the argument ContractCacheService at index [7] is available in the RootTestModule context.\n\nPotential solutions:\n- Is RootTestModule a valid NestJS module?\n- If ContractCacheService is a provider, is it part of the current RootTestModule?\n- If ContractCacheService is exported from a separate @Module, is that module imported within RootTestModule?\n  @Module({\n    imports: [ /* the Module containing ContractCacheService */ ]\n  })\n\nFor more common dependency resolution issues, see: https://docs.nestjs.com/faq/common-errors\n    at TestingInjector.lookupComponentInParentModules (C:\\Users\\Adegoke's Pc\\Desktop\\Harvest-Finance\\harvest-finance\\backend\\node_modules\\@nestjs\\core\\injector\\injector.js:290:19)\n    at TestingInjector.resolveComponentWrapper (C:\\Users\\Adegoke's Pc\\Desktop\\Harvest-Finance\\harvest-finance\\backend\\node_modules\\@nestjs\\testing\\testing-injector.js:19:45)\n    at resolveParam (C:\\Users\\Adegoke's Pc\\Desktop\\Harvest-Finance\\harvest-finance\\backend\\node_modules\\@nestjs\\core\\injector\\injector.js:140:38)\n    at async Promise.all (index 7)\n    at TestingInjector.resolveConstructorParams (C:\\Users\\Adegoke's Pc\\Desktop\\Harvest-Finance\\harvest-finance\\backend\\node_modules\\@nestjs\\core\\injector\\injector.js:169:27)\n    at TestingInjector.loadInstance (C:\\Users\\Adegoke's Pc\\Desktop\\Harvest-Finance\\harvest-finance\\backend\\node_modules\\@nestjs\\core\\injector\\injector.js:75:13)\n    at TestingInjector.loadProvider (C:\\Users\\Adegoke's Pc\\Desktop\\Harvest-Finance\\harvest-finance\\backend\\node_modules\\@nestjs\\core\\injector\\injector.js:103:9)\n    at C:\\Users\\Adegoke's Pc\\Desktop\\Harvest-Finance\\harvest-finance\\backend\\node_modules\\@nestjs\\core\\injector\\instance-loader.js:56:13\n    at async Promise.all (index 3)\n    at TestingInstanceLoader.createInstancesOfProviders (C:\\Users\\Adegoke's Pc\\Desktop\\Harvest-Finance\\harvest-finance\\backend\\node_modules\\@nestjs\\core\\injector\\instance-loader.js:55:9)\n    at C:\\Users\\Adegoke's Pc\\Desktop\\Harvest-Finance\\harvest-finance\\backend\\node_modules\\@nestjs\\core\\injector\\instance-loader.js:40:13\n    at async Promise.all (index 1)\n    at TestingInstanceLoader.createInstances (C:\\Users\\Adegoke's Pc\\Desktop\\Harvest-Finance\\harvest-finance\\backend\\node_modules\\@nestjs\\core\\injector\\instance-loader.js:39:9)\n    at TestingInstanceLoader.createInstancesOfDependencies (C:\\Users\\Adegoke's Pc\\Desktop\\Harvest-Finance\\harvest-finance\\backend\\node_modules\\@nestjs\\core\\injector\\instance-loader.js:22:13)\n    at TestingInstanceLoader.createInstancesOfDependencies (C:\\Users\\Adegoke's Pc\\Desktop\\Harvest-Finance\\harvest-finance\\backend\\node_modules\\@nestjs\\testing\\testing-instance-loader.js:9:9)\n    at TestingModuleBuilder.createInstancesOfDependencies (C:\\Users\\Adegoke's Pc\\Desktop\\Harvest-Finance\\harvest-finance\\backend\\node_modules\\@nestjs\\testing\\testing-module.builder.js:118:9)\n    at TestingModuleBuilder.compile (C:\\Users\\Adegoke's Pc\\Desktop\\Harvest-Finance\\harvest-finance\\backend\\node_modules\\@nestjs\\testing\\testing-module.builder.js:74:9)\n    at Object.<anonymous> (C:\\Users\\Adegoke's Pc\\Desktop\\Harvest-Finance\\harvest-finance\\backend\\src\\vaults\\vaults.service.spec.ts:67:35)"],"fullName":"VaultsService depositToVault should throw BadRequestException for negative deposit","invocations":1,"location":null,"numPassingAsserts":0,"retryReasons":[],"startAt":1780229910293,"status":"failed","title":"should throw BadRequestException for negative deposit"},{"ancestorTitles":["VaultsService","depositToVault"],"duration":59,"failing":false,"failureDetails":[{"type":"VaultsService","context":{"index":7,"dependencies":["VaultRepository","DepositRepository","WithdrawalRepository",null,null,null,null,null,null]},"metadata":{"id":"53b1b52fed96caf32ed00"},"moduleRef":{"id":"5770a2207153b1b52fed9"}}],"failureMessages":["Error: Nest can't resolve dependencies of the VaultsService (VaultRepository, DepositRepository, WithdrawalRepository, DataSource, NotificationsService, CustomLoggerService, VaultGateway, ?, InputSanitizerService). Please make sure that the argument ContractCacheService at index [7] is available in the RootTestModule context.\n\nPotential solutions:\n- Is RootTestModule a valid NestJS module?\n- If ContractCacheService is a provider, is it part of the current RootTestModule?\n- If ContractCacheService is exported from a separate @Module, is that module imported within RootTestModule?\n  @Module({\n    imports: [ /* the Module containing ContractCacheService */ ]\n  })\n\nFor more common dependency resolution issues, see: https://docs.nestjs.com/faq/common-errors\n    at TestingInjector.lookupComponentInParentModules (C:\\Users\\Adegoke's Pc\\Desktop\\Harvest-Finance\\harvest-finance\\backend\\node_modules\\@nestjs\\core\\injector\\injector.js:290:19)\n    at TestingInjector.resolveComponentWrapper (C:\\Users\\Adegoke's Pc\\Desktop\\Harvest-Finance\\harvest-finance\\backend\\node_modules\\@nestjs\\testing\\testing-injector.js:19:45)\n    at resolveParam (C:\\Users\\Adegoke's Pc\\Desktop\\Harvest-Finance\\harvest-finance\\backend\\node_modules\\@nestjs\\core\\injector\\injector.js:140:38)\n    at async Promise.all (index 7)\n    at TestingInjector.resolveConstructorParams (C:\\Users\\Adegoke's Pc\\Desktop\\Harvest-Finance\\harvest-finance\\backend\\node_modules\\@nestjs\\core\\injector\\injector.js:169:27)\n    at TestingInjector.loadInstance (C:\\Users\\Adegoke's Pc\\Desktop\\Harvest-Finance\\harvest-finance\\backend\\node_modules\\@nestjs\\core\\injector\\injector.js:75:13)\n    at TestingInjector.loadProvider (C:\\Users\\Adegoke's Pc\\Desktop\\Harvest-Finance\\harvest-finance\\backend\\node_modules\\@nestjs\\core\\injector\\injector.js:103:9)\n    at C:\\Users\\Adegoke's Pc\\Desktop\\Harvest-Finance\\harvest-finance\\backend\\node_modules\\@nestjs\\core\\injector\\instance-loader.js:56:13\n    at async Promise.all (index 3)\n    at TestingInstanceLoader.createInstancesOfProviders (C:\\Users\\Adegoke's Pc\\Desktop\\Harvest-Finance\\harvest-finance\\backend\\node_modules\\@nestjs\\core\\injector\\instance-loader.js:55:9)\n    at C:\\Users\\Adegoke's Pc\\Desktop\\Harvest-Finance\\harvest-finance\\backend\\node_modules\\@nestjs\\core\\injector\\instance-loader.js:40:13\n    at async Promise.all (index 1)\n    at TestingInstanceLoader.createInstances (C:\\Users\\Adegoke's Pc\\Desktop\\Harvest-Finance\\harvest-finance\\backend\\node_modules\\@nestjs\\core\\injector\\instance-loader.js:39:9)\n    at TestingInstanceLoader.createInstancesOfDependencies (C:\\Users\\Adegoke's Pc\\Desktop\\Harvest-Finance\\harvest-finance\\backend\\node_modules\\@nestjs\\core\\injector\\instance-loader.js:22:13)\n    at TestingInstanceLoader.createInstancesOfDependencies (C:\\Users\\Adegoke's Pc\\Desktop\\Harvest-Finance\\harvest-finance\\backend\\node_modules\\@nestjs\\testing\\testing-instance-loader.js:9:9)\n    at TestingModuleBuilder.createInstancesOfDependencies (C:\\Users\\Adegoke's Pc\\Desktop\\Harvest-Finance\\harvest-finance\\backend\\node_modules\\@nestjs\\testing\\testing-module.builder.js:118:9)\n    at TestingModuleBuilder.compile (C:\\Users\\Adegoke's Pc\\Desktop\\Harvest-Finance\\harvest-finance\\backend\\node_modules\\@nestjs\\testing\\testing-module.builder.js:74:9)\n    at Object.<anonymous> (C:\\Users\\Adegoke's Pc\\Desktop\\Harvest-Finance\\harvest-finance\\backend\\src\\vaults\\vaults.service.spec.ts:67:35)"],"fullName":"VaultsService depositToVault should throw BadRequestException for very large deposit exceeding available capacity","invocations":1,"location":null,"numPassingAsserts":0,"retryReasons":[],"startAt":1780229910305,"status":"failed","title":"should throw BadRequestException for very large deposit exceeding available capacity"},{"ancestorTitles":["VaultsService","depositToVault"],"duration":10,"failing":false,"failureDetails":[{"type":"VaultsService","context":{"index":7,"dependencies":["VaultRepository","DepositRepository","WithdrawalRepository",null,null,null,null,null,null]},"metadata":{"id":"75acd7bb84706eb8c05d5"},"moduleRef":{"id":"d007c9d46975acd7bb847"}}],"failureMessages":["Error: Nest can't resolve dependencies of the VaultsService (VaultRepository, DepositRepository, WithdrawalRepository, DataSource, NotificationsService, CustomLoggerService, VaultGateway, ?, InputSanitizerService). Please make sure that the argument ContractCacheService at index [7] is available in the RootTestModule context.\n\nPotential solutions:\n- Is RootTestModule a valid NestJS module?\n- If ContractCacheService is a provider, is it part of the current RootTestModule?\n- If ContractCacheService is exported from a separate @Module, is that module imported within RootTestModule?\n  @Module({\n    imports: [ /* the Module containing ContractCacheService */ ]\n  })\n\nFor more common dependency resolution issues, see: https://docs.nestjs.com/faq/common-errors\n    at TestingInjector.lookupComponentInParentModules (C:\\Users\\Adegoke's Pc\\Desktop\\Harvest-Finance\\harvest-finance\\backend\\node_modules\\@nestjs\\core\\injector\\injector.js:290:19)\n    at TestingInjector.resolveComponentWrapper (C:\\Users\\Adegoke's Pc\\Desktop\\Harvest-Finance\\harvest-finance\\backend\\node_modules\\@nestjs\\testing\\testing-injector.js:19:45)\n    at resolveParam (C:\\Users\\Adegoke's Pc\\Desktop\\Harvest-Finance\\harvest-finance\\backend\\node_modules\\@nestjs\\core\\injector\\injector.js:140:38)\n    at async Promise.all (index 7)\n    at TestingInjector.resolveConstructorParams (C:\\Users\\Adegoke's Pc\\Desktop\\Harvest-Finance\\harvest-finance\\backend\\node_modules\\@nestjs\\core\\injector\\injector.js:169:27)\n    at TestingInjector.loadInstance (C:\\Users\\Adegoke's Pc\\Desktop\\Harvest-Finance\\harvest-finance\\backend\\node_modules\\@nestjs\\core\\injector\\injector.js:75:13)\n    at TestingInjector.loadProvider (C:\\Users\\Adegoke's Pc\\Desktop\\Harvest-Finance\\harvest-finance\\backend\\node_modules\\@nestjs\\core\\injector\\injector.js:103:9)\n    at C:\\Users\\Adegoke's Pc\\Desktop\\Harvest-Finance\\harvest-finance\\backend\\node_modules\\@nestjs\\core\\injector\\instance-loader.js:56:13\n    at async Promise.all (index 3)\n    at TestingInstanceLoader.createInstancesOfProviders (C:\\Users\\Adegoke's Pc\\Desktop\\Harvest-Finance\\harvest-finance\\backend\\node_modules\\@nestjs\\core\\injector\\instance-loader.js:55:9)\n    at C:\\Users\\Adegoke's Pc\\Desktop\\Harvest-Finance\\harvest-finance\\backend\\node_modules\\@nestjs\\core\\injector\\instance-loader.js:40:13\n    at async Promise.all (index 1)\n    at TestingInstanceLoader.createInstances (C:\\Users\\Adegoke's Pc\\Desktop\\Harvest-Finance\\harvest-finance\\backend\\node_modules\\@nestjs\\core\\injector\\instance-loader.js:39:9)\n    at TestingInstanceLoader.createInstancesOfDependencies (C:\\Users\\Adegoke's Pc\\Desktop\\Harvest-Finance\\harvest-finance\\backend\\node_modules\\@nestjs\\core\\injector\\instance-loader.js:22:13)\n    at TestingInstanceLoader.createInstancesOfDependencies (C:\\Users\\Adegoke's Pc\\Desktop\\Harvest-Finance\\harvest-finance\\backend\\node_modules\\@nestjs\\testing\\testing-instance-loader.js:9:9)\n    at TestingModuleBuilder.createInstancesOfDependencies (C:\\Users\\Adegoke's Pc\\Desktop\\Harvest-Finance\\harvest-finance\\backend\\node_modules\\@nestjs\\testing\\testing-module.builder.js:118:9)\n    at TestingModuleBuilder.compile (C:\\Users\\Adegoke's Pc\\Desktop\\Harvest-Finance\\harvest-finance\\backend\\node_modules\\@nestjs\\testing\\testing-module.builder.js:74:9)\n    at Object.<anonymous> (C:\\Users\\Adegoke's Pc\\Desktop\\Harvest-Finance\\harvest-finance\\backend\\src\\vaults\\vaults.service.spec.ts:67:35)"],"fullName":"VaultsService depositToVault should handle maximum safe integer deposit","invocations":1,"location":null,"numPassingAsserts":0,"retryReasons":[],"startAt":1780229910804,"status":"failed","title":"should handle maximum safe integer deposit"},{"ancestorTitles":["VaultsService","depositToVault"],"duration":10,"failing":false,"failureDetails":[{"type":"VaultsService","context":{"index":7,"dependencies":["VaultRepository","DepositRepository","WithdrawalRepository",null,null,null,null,null,null]},"metadata":{"id":"190dfc70bc7d75b940dc8"},"moduleRef":{"id":"5d5b9bfdfe190dfc70bc7"}}],"failureMessages":["Error: Nest can't resolve dependencies of the VaultsService (VaultRepository, DepositRepository, WithdrawalRepository, DataSource, NotificationsService, CustomLoggerService, VaultGateway, ?, InputSanitizerService). Please make sure that the argument ContractCacheService at index [7] is available in the RootTestModule context.\n\nPotential solutions:\n- Is RootTestModule a valid NestJS module?\n- If ContractCacheService is a provider, is it part of the current RootTestModule?\n- If ContractCacheService is exported from a separate @Module, is that module imported within RootTestModule?\n  @Module({\n    imports: [ /* the Module containing ContractCacheService */ ]\n  })\n\nFor more common dependency resolution issues, see: https://docs.nestjs.com/faq/common-errors\n    at TestingInjector.lookupComponentInParentModules (C:\\Users\\Adegoke's Pc\\Desktop\\Harvest-Finance\\harvest-finance\\backend\\node_modules\\@nestjs\\core\\injector\\injector.js:290:19)\n    at TestingInjector.resolveComponentWrapper (C:\\Users\\Adegoke's Pc\\Desktop\\Harvest-Finance\\harvest-finance\\backend\\node_modules\\@nestjs\\testing\\testing-injector.js:19:45)\n    at resolveParam (C:\\Users\\Adegoke's Pc\\Desktop\\Harvest-Finance\\harvest-finance\\backend\\node_modules\\@nestjs\\core\\injector\\injector.js:140:38)\n    at async Promise.all (index 7)\n    at TestingInjector.resolveConstructorParams (C:\\Users\\Adegoke's Pc\\Desktop\\Harvest-Finance\\harvest-finance\\backend\\node_modules\\@nestjs\\core\\injector\\injector.js:169:27)\n    at TestingInjector.loadInstance (C:\\Users\\Adegoke's Pc\\Desktop\\Harvest-Finance\\harvest-finance\\backend\\node_modules\\@nestjs\\core\\injector\\injector.js:75:13)\n    at TestingInjector.loadProvider (C:\\Users\\Adegoke's Pc\\Desktop\\Harvest-Finance\\harvest-finance\\backend\\node_modules\\@nestjs\\core\\injector\\injector.js:103:9)\n    at C:\\Users\\Adegoke's Pc\\Desktop\\Harvest-Finance\\harvest-finance\\backend\\node_modules\\@nestjs\\core\\injector\\instance-loader.js:56:13\n    at async Promise.all (index 3)\n    at TestingInstanceLoader.createInstancesOfProviders (C:\\Users\\Adegoke's Pc\\Desktop\\Harvest-Finance\\harvest-finance\\backend\\node_modules\\@nestjs\\core\\injector\\instance-loader.js:55:9)\n    at C:\\Users\\Adegoke's Pc\\Desktop\\Harvest-Finance\\harvest-finance\\backend\\node_modules\\@nestjs\\core\\injector\\instance-loader.js:40:13\n    at async Promise.all (index 1)\n    at TestingInstanceLoader.createInstances (C:\\Users\\Adegoke's Pc\\Desktop\\Harvest-Finance\\harvest-finance\\backend\\node_modules\\@nestjs\\core\\injector\\instance-loader.js:39:9)\n    at TestingInstanceLoader.createInstancesOfDependencies (C:\\Users\\Adegoke's Pc\\Desktop\\Harvest-Finance\\harvest-finance\\backend\\node_modules\\@nestjs\\core\\injector\\instance-loader.js:22:13)\n    at TestingInstanceLoader.createInstancesOfDependencies (C:\\Users\\Adegoke's Pc\\Desktop\\Harvest-Finance\\harvest-finance\\backend\\node_modules\\@nestjs\\testing\\testing-instance-loader.js:9:9)\n    at TestingModuleBuilder.createInstancesOfDependencies (C:\\Users\\Adegoke's Pc\\Desktop\\Harvest-Finance\\harvest-finance\\backend\\node_modules\\@nestjs\\testing\\testing-module.builder.js:118:9)\n    at TestingModuleBuilder.compile (C:\\Users\\Adegoke's Pc\\Desktop\\Harvest-Finance\\harvest-finance\\backend\\node_modules\\@nestjs\\testing\\testing-module.builder.js:74:9)\n    at Object.<anonymous> (C:\\Users\\Adegoke's Pc\\Desktop\\Harvest-Finance\\harvest-finance\\backend\\src\\vaults\\vaults.service.spec.ts:67:35)"],"fullName":"VaultsService depositToVault should reject deposit when vault is full capacity","invocations":1,"location":null,"numPassingAsserts":0,"retryReasons":[],"startAt":1780229910818,"status":"failed","title":"should reject deposit when vault is full capacity"},{"ancestorTitles":["VaultsService","depositToVault"],"duration":11,"failing":false,"failureDetails":[{"type":"VaultsService","context":{"index":7,"dependencies":["VaultRepository","DepositRepository","WithdrawalRepository",null,null,null,null,null,null]},"metadata":{"id":"d93fc68031eb6831add3e"},"moduleRef":{"id":"dc869f08c7d93fc68031e"}}],"failureMessages":["Error: Nest can't resolve dependencies of the VaultsService (VaultRepository, DepositRepository, WithdrawalRepository, DataSource, NotificationsService, CustomLoggerService, VaultGateway, ?, InputSanitizerService). Please make sure that the argument ContractCacheService at index [7] is available in the RootTestModule context.\n\nPotential solutions:\n- Is RootTestModule a valid NestJS module?\n- If ContractCacheService is a provider, is it part of the current RootTestModule?\n- If ContractCacheService is exported from a separate @Module, is that module imported within RootTestModule?\n  @Module({\n    imports: [ /* the Module containing ContractCacheService */ ]\n  })\n\nFor more common dependency resolution issues, see: https://docs.nestjs.com/faq/common-errors\n    at TestingInjector.lookupComponentInParentModules (C:\\Users\\Adegoke's Pc\\Desktop\\Harvest-Finance\\harvest-finance\\backend\\node_modules\\@nestjs\\core\\injector\\injector.js:290:19)\n    at TestingInjector.resolveComponentWrapper (C:\\Users\\Adegoke's Pc\\Desktop\\Harvest-Finance\\harvest-finance\\backend\\node_modules\\@nestjs\\testing\\testing-injector.js:19:45)\n    at resolveParam (C:\\Users\\Adegoke's Pc\\Desktop\\Harvest-Finance\\harvest-finance\\backend\\node_modules\\@nestjs\\core\\injector\\injector.js:140:38)\n    at async Promise.all (index 7)\n    at TestingInjector.resolveConstructorParams (C:\\Users\\Adegoke's Pc\\Desktop\\Harvest-Finance\\harvest-finance\\backend\\node_modules\\@nestjs\\core\\injector\\injector.js:169:27)\n    at TestingInjector.loadInstance (C:\\Users\\Adegoke's Pc\\Desktop\\Harvest-Finance\\harvest-finance\\backend\\node_modules\\@nestjs\\core\\injector\\injector.js:75:13)\n    at TestingInjector.loadProvider (C:\\Users\\Adegoke's Pc\\Desktop\\Harvest-Finance\\harvest-finance\\backend\\node_modules\\@nestjs\\core\\injector\\injector.js:103:9)\n    at C:\\Users\\Adegoke's Pc\\Desktop\\Harvest-Finance\\harvest-finance\\backend\\node_modules\\@nestjs\\core\\injector\\instance-loader.js:56:13\n    at async Promise.all (index 3)\n    at TestingInstanceLoader.createInstancesOfProviders (C:\\Users\\Adegoke's Pc\\Desktop\\Harvest-Finance\\harvest-finance\\backend\\node_modules\\@nestjs\\core\\injector\\instance-loader.js:55:9)\n    at C:\\Users\\Adegoke's Pc\\Desktop\\Harvest-Finance\\harvest-finance\\backend\\node_modules\\@nestjs\\core\\injector\\instance-loader.js:40:13\n    at async Promise.all (index 1)\n    at TestingInstanceLoader.createInstances (C:\\Users\\Adegoke's Pc\\Desktop\\Harvest-Finance\\harvest-finance\\backend\\node_modules\\@nestjs\\core\\injector\\instance-loader.js:39:9)\n    at TestingInstanceLoader.createInstancesOfDependencies (C:\\Users\\Adegoke's Pc\\Desktop\\Harvest-Finance\\harvest-finance\\backend\\node_modules\\@nestjs\\core\\injector\\instance-loader.js:22:13)\n    at TestingInstanceLoader.createInstancesOfDependencies (C:\\Users\\Adegoke's Pc\\Desktop\\Harvest-Finance\\harvest-finance\\backend\\node_modules\\@nestjs\\testing\\testing-instance-loader.js:9:9)\n    at TestingModuleBuilder.createInstancesOfDependencies (C:\\Users\\Adegoke's Pc\\Desktop\\Harvest-Finance\\harvest-finance\\backend\\node_modules\\@nestjs\\testing\\testing-module.builder.js:118:9)\n    at TestingModuleBuilder.compile (C:\\Users\\Adegoke's Pc\\Desktop\\Harvest-Finance\\harvest-finance\\backend\\node_modules\\@nestjs\\testing\\testing-module.builder.js:74:9)\n    at Object.<anonymous> (C:\\Users\\Adegoke's Pc\\Desktop\\Harvest-Finance\\harvest-finance\\backend\\src\\vaults\\vaults.service.spec.ts:67:35)"],"fullName":"VaultsService depositToVault should reject deposit when vault is inactive","invocations":1,"location":null,"numPassingAsserts":0,"retryReasons":[],"startAt":1780229910831,"status":"failed","title":"should reject deposit when vault is inactive"},{"ancestorTitles":["VaultsService","depositToVault"],"duration":7,"failing":false,"failureDetails":[{"type":"VaultsService","context":{"index":7,"dependencies":["VaultRepository","DepositRepository","WithdrawalRepository",null,null,null,null,null,null]},"metadata":{"id":"58b5cca7bfd10c420e911"},"moduleRef":{"id":"d3e669791f58b5cca7bfd"}}],"failureMessages":["Error: Nest can't resolve dependencies of the VaultsService (VaultRepository, DepositRepository, WithdrawalRepository, DataSource, NotificationsService, CustomLoggerService, VaultGateway, ?, InputSanitizerService). Please make sure that the argument ContractCacheService at index [7] is available in the RootTestModule context.\n\nPotential solutions:\n- Is RootTestModule a valid NestJS module?\n- If ContractCacheService is a provider, is it part of the current RootTestModule?\n- If ContractCacheService is exported from a separate @Module, is that module imported within RootTestModule?\n  @Module({\n    imports: [ /* the Module containing ContractCacheService */ ]\n  })\n\nFor more common dependency resolution issues, see: https://docs.nestjs.com/faq/common-errors\n    at TestingInjector.lookupComponentInParentModules (C:\\Users\\Adegoke's Pc\\Desktop\\Harvest-Finance\\harvest-finance\\backend\\node_modules\\@nestjs\\core\\injector\\injector.js:290:19)\n    at TestingInjector.resolveComponentWrapper (C:\\Users\\Adegoke's Pc\\Desktop\\Harvest-Finance\\harvest-finance\\backend\\node_modules\\@nestjs\\testing\\testing-injector.js:19:45)\n    at resolveParam (C:\\Users\\Adegoke's Pc\\Desktop\\Harvest-Finance\\harvest-finance\\backend\\node_modules\\@nestjs\\core\\injector\\injector.js:140:38)\n    at async Promise.all (index 7)\n    at TestingInjector.resolveConstructorParams (C:\\Users\\Adegoke's Pc\\Desktop\\Harvest-Finance\\harvest-finance\\backend\\node_modules\\@nestjs\\core\\injector\\injector.js:169:27)\n    at TestingInjector.loadInstance (C:\\Users\\Adegoke's Pc\\Desktop\\Harvest-Finance\\harvest-finance\\backend\\node_modules\\@nestjs\\core\\injector\\injector.js:75:13)\n    at TestingInjector.loadProvider (C:\\Users\\Adegoke's Pc\\Desktop\\Harvest-Finance\\harvest-finance\\backend\\node_modules\\@nestjs\\core\\injector\\injector.js:103:9)\n    at C:\\Users\\Adegoke's Pc\\Desktop\\Harvest-Finance\\harvest-finance\\backend\\node_modules\\@nestjs\\core\\injector\\instance-loader.js:56:13\n    at async Promise.all (index 3)\n    at TestingInstanceLoader.createInstancesOfProviders (C:\\Users\\Adegoke's Pc\\Desktop\\Harvest-Finance\\harvest-finance\\backend\\node_modules\\@nestjs\\core\\injector\\instance-loader.js:55:9)\n    at C:\\Users\\Adegoke's Pc\\Desktop\\Harvest-Finance\\harvest-finance\\backend\\node_modules\\@nestjs\\core\\injector\\instance-loader.js:40:13\n    at async Promise.all (index 1)\n    at TestingInstanceLoader.createInstances (C:\\Users\\Adegoke's Pc\\Desktop\\Harvest-Finance\\harvest-finance\\backend\\node_modules\\@nestjs\\core\\injector\\instance-loader.js:39:9)\n    at TestingInstanceLoader.createInstancesOfDependencies (C:\\Users\\Adegoke's Pc\\Desktop\\Harvest-Finance\\harvest-finance\\backend\\node_modules\\@nestjs\\core\\injector\\instance-loader.js:22:13)\n    at TestingInstanceLoader.createInstancesOfDependencies (C:\\Users\\Adegoke's Pc\\Desktop\\Harvest-Finance\\harvest-finance\\backend\\node_modules\\@nestjs\\testing\\testing-instance-loader.js:9:9)\n    at TestingModuleBuilder.createInstancesOfDependencies (C:\\Users\\Adegoke's Pc\\Desktop\\Harvest-Finance\\harvest-finance\\backend\\node_modules\\@nestjs\\testing\\testing-module.builder.js:118:9)\n    at TestingModuleBuilder.compile (C:\\Users\\Adegoke's Pc\\Desktop\\Harvest-Finance\\harvest-finance\\backend\\node_modules\\@nestjs\\testing\\testing-module.builder.js:74:9)\n    at Object.<anonymous> (C:\\Users\\Adegoke's Pc\\Desktop\\Harvest-Finance\\harvest-finance\\backend\\src\\vaults\\vaults.service.spec.ts:67:35)"],"fullName":"VaultsService depositToVault should reject deposit exceeding maximum safe deposit limit","invocations":1,"location":null,"numPassingAsserts":0,"retryReasons":[],"startAt":1780229910845,"status":"failed","title":"should reject deposit exceeding maximum safe deposit limit"},{"ancestorTitles":["VaultsService","getApyHistory"],"duration":5,"failing":false,"failureDetails":[{"type":"VaultsService","context":{"index":7,"dependencies":["VaultRepository","DepositRepository","WithdrawalRepository",null,null,null,null,null,null]},"metadata":{"id":"07ca9fdfbbe372d9f544c"},"moduleRef":{"id":"911531293b07ca9fdfbbe"}}],"failureMessages":["Error: Nest can't resolve dependencies of the VaultsService (VaultRepository, DepositRepository, WithdrawalRepository, DataSource, NotificationsService, CustomLoggerService, VaultGateway, ?, InputSanitizerService). Please make sure that the argument ContractCacheService at index [7] is available in the RootTestModule context.\n\nPotential solutions:\n- Is RootTestModule a valid NestJS module?\n- If ContractCacheService is a provider, is it part of the current RootTestModule?\n- If ContractCacheService is exported from a separate @Module, is that module imported within RootTestModule?\n  @Module({\n    imports: [ /* the Module containing ContractCacheService */ ]\n  })\n\nFor more common dependency resolution issues, see: https://docs.nestjs.com/faq/common-errors\n    at TestingInjector.lookupComponentInParentModules (C:\\Users\\Adegoke's Pc\\Desktop\\Harvest-Finance\\harvest-finance\\backend\\node_modules\\@nestjs\\core\\injector\\injector.js:290:19)\n    at TestingInjector.resolveComponentWrapper (C:\\Users\\Adegoke's Pc\\Desktop\\Harvest-Finance\\harvest-finance\\backend\\node_modules\\@nestjs\\testing\\testing-injector.js:19:45)\n    at resolveParam (C:\\Users\\Adegoke's Pc\\Desktop\\Harvest-Finance\\harvest-finance\\backend\\node_modules\\@nestjs\\core\\injector\\injector.js:140:38)\n    at async Promise.all (index 7)\n    at TestingInjector.resolveConstructorParams (C:\\Users\\Adegoke's Pc\\Desktop\\Harvest-Finance\\harvest-finance\\backend\\node_modules\\@nestjs\\core\\injector\\injector.js:169:27)\n    at TestingInjector.loadInstance (C:\\Users\\Adegoke's Pc\\Desktop\\Harvest-Finance\\harvest-finance\\backend\\node_modules\\@nestjs\\core\\injector\\injector.js:75:13)\n    at TestingInjector.loadProvider (C:\\Users\\Adegoke's Pc\\Desktop\\Harvest-Finance\\harvest-finance\\backend\\node_modules\\@nestjs\\core\\injector\\injector.js:103:9)\n    at C:\\Users\\Adegoke's Pc\\Desktop\\Harvest-Finance\\harvest-finance\\backend\\node_modules\\@nestjs\\core\\injector\\instance-loader.js:56:13\n    at async Promise.all (index 3)\n    at TestingInstanceLoader.createInstancesOfProviders (C:\\Users\\Adegoke's Pc\\Desktop\\Harvest-Finance\\harvest-finance\\backend\\node_modules\\@nestjs\\core\\injector\\instance-loader.js:55:9)\n    at C:\\Users\\Adegoke's Pc\\Desktop\\Harvest-Finance\\harvest-finance\\backend\\node_modules\\@nestjs\\core\\injector\\instance-loader.js:40:13\n    at async Promise.all (index 1)\n    at TestingInstanceLoader.createInstances (C:\\Users\\Adegoke's Pc\\Desktop\\Harvest-Finance\\harvest-finance\\backend\\node_modules\\@nestjs\\core\\injector\\instance-loader.js:39:9)\n    at TestingInstanceLoader.createInstancesOfDependencies (C:\\Users\\Adegoke's Pc\\Desktop\\Harvest-Finance\\harvest-finance\\backend\\node_modules\\@nestjs\\core\\injector\\instance-loader.js:22:13)\n    at TestingInstanceLoader.createInstancesOfDependencies (C:\\Users\\Adegoke's Pc\\Desktop\\Harvest-Finance\\harvest-finance\\backend\\node_modules\\@nestjs\\testing\\testing-instance-loader.js:9:9)\n    at TestingModuleBuilder.createInstancesOfDependencies (C:\\Users\\Adegoke's Pc\\Desktop\\Harvest-Finance\\harvest-finance\\backend\\node_modules\\@nestjs\\testing\\testing-module.builder.js:118:9)\n    at TestingModuleBuilder.compile (C:\\Users\\Adegoke's Pc\\Desktop\\Harvest-Finance\\harvest-finance\\backend\\node_modules\\@nestjs\\testing\\testing-module.builder.js:74:9)\n    at Object.<anonymous> (C:\\Users\\Adegoke's Pc\\Desktop\\Harvest-Finance\\harvest-finance\\backend\\src\\vaults\\vaults.service.spec.ts:67:35)"],"fullName":"VaultsService getApyHistory should return APY history for default 30 days","invocations":1,"location":null,"numPassingAsserts":0,"retryReasons":[],"startAt":1780229910854,"status":"failed","title":"should return APY history for default 30 days"},{"ancestorTitles":["VaultsService","getApyHistory"],"duration":8,"failing":false,"failureDetails":[{"type":"VaultsService","context":{"index":7,"dependencies":["VaultRepository","DepositRepository","WithdrawalRepository",null,null,null,null,null,null]},"metadata":{"id":"c01e1478036bc6aa3603c"},"moduleRef":{"id":"44cd6795cdc01e1478036"}}],"failureMessages":["Error: Nest can't resolve dependencies of the VaultsService (VaultRepository, DepositRepository, WithdrawalRepository, DataSource, NotificationsService, CustomLoggerService, VaultGateway, ?, InputSanitizerService). Please make sure that the argument ContractCacheService at index [7] is available in the RootTestModule context.\n\nPotential solutions:\n- Is RootTestModule a valid NestJS module?\n- If ContractCacheService is a provider, is it part of the current RootTestModule?\n- If ContractCacheService is exported from a separate @Module, is that module imported within RootTestModule?\n  @Module({\n    imports: [ /* the Module containing ContractCacheService */ ]\n  })\n\nFor more common dependency resolution issues, see: https://docs.nestjs.com/faq/common-errors\n    at TestingInjector.lookupComponentInParentModules (C:\\Users\\Adegoke's Pc\\Desktop\\Harvest-Finance\\harvest-finance\\backend\\node_modules\\@nestjs\\core\\injector\\injector.js:290:19)\n    at TestingInjector.resolveComponentWrapper (C:\\Users\\Adegoke's Pc\\Desktop\\Harvest-Finance\\harvest-finance\\backend\\node_modules\\@nestjs\\testing\\testing-injector.js:19:45)\n    at resolveParam (C:\\Users\\Adegoke's Pc\\Desktop\\Harvest-Finance\\harvest-finance\\backend\\node_modules\\@nestjs\\core\\injector\\injector.js:140:38)\n    at async Promise.all (index 7)\n    at TestingInjector.resolveConstructorParams (C:\\Users\\Adegoke's Pc\\Desktop\\Harvest-Finance\\harvest-finance\\backend\\node_modules\\@nestjs\\core\\injector\\injector.js:169:27)\n    at TestingInjector.loadInstance (C:\\Users\\Adegoke's Pc\\Desktop\\Harvest-Finance\\harvest-finance\\backend\\node_modules\\@nestjs\\core\\injector\\injector.js:75:13)\n    at TestingInjector.loadProvider (C:\\Users\\Adegoke's Pc\\Desktop\\Harvest-Finance\\harvest-finance\\backend\\node_modules\\@nestjs\\core\\injector\\injector.js:103:9)\n    at C:\\Users\\Adegoke's Pc\\Desktop\\Harvest-Finance\\harvest-finance\\backend\\node_modules\\@nestjs\\core\\injector\\instance-loader.js:56:13\n    at async Promise.all (index 3)\n    at TestingInstanceLoader.createInstancesOfProviders (C:\\Users\\Adegoke's Pc\\Desktop\\Harvest-Finance\\harvest-finance\\backend\\node_modules\\@nestjs\\core\\injector\\instance-loader.js:55:9)\n    at C:\\Users\\Adegoke's Pc\\Desktop\\Harvest-Finance\\harvest-finance\\backend\\node_modules\\@nestjs\\core\\injector\\instance-loader.js:40:13\n    at async Promise.all (index 1)\n    at TestingInstanceLoader.createInstances (C:\\Users\\Adegoke's Pc\\Desktop\\Harvest-Finance\\harvest-finance\\backend\\node_modules\\@nestjs\\core\\injector\\instance-loader.js:39:9)\n    at TestingInstanceLoader.createInstancesOfDependencies (C:\\Users\\Adegoke's Pc\\Desktop\\Harvest-Finance\\harvest-finance\\backend\\node_modules\\@nestjs\\core\\injector\\instance-loader.js:22:13)\n    at TestingInstanceLoader.createInstancesOfDependencies (C:\\Users\\Adegoke's Pc\\Desktop\\Harvest-Finance\\harvest-finance\\backend\\node_modules\\@nestjs\\testing\\testing-instance-loader.js:9:9)\n    at TestingModuleBuilder.createInstancesOfDependencies (C:\\Users\\Adegoke's Pc\\Desktop\\Harvest-Finance\\harvest-finance\\backend\\node_modules\\@nestjs\\testing\\testing-module.builder.js:118:9)\n    at TestingModuleBuilder.compile (C:\\Users\\Adegoke's Pc\\Desktop\\Harvest-Finance\\harvest-finance\\backend\\node_modules\\@nestjs\\testing\\testing-module.builder.js:74:9)\n    at Object.<anonymous> (C:\\Users\\Adegoke's Pc\\Desktop\\Harvest-Finance\\harvest-finance\\backend\\src\\vaults\\vaults.service.spec.ts:67:35)"],"fullName":"VaultsService getApyHistory should return APY history for specific vault","invocations":1,"location":null,"numPassingAsserts":0,"retryReasons":[],"startAt":1780229910860,"status":"failed","title":"should return APY history for specific vault"},{"ancestorTitles":["VaultsService","getApyHistory"],"duration":10,"failing":false,"failureDetails":[{"type":"VaultsService","context":{"index":7,"dependencies":["VaultRepository","DepositRepository","WithdrawalRepository",null,null,null,null,null,null]},"metadata":{"id":"4eb2dc420ccca396122e9"},"moduleRef":{"id":"03c62ff7d54eb2dc420cc"}}],"failureMessages":["Error: Nest can't resolve dependencies of the VaultsService (VaultRepository, DepositRepository, WithdrawalRepository, DataSource, NotificationsService, CustomLoggerService, VaultGateway, ?, InputSanitizerService). Please make sure that the argument ContractCacheService at index [7] is available in the RootTestModule context.\n\nPotential solutions:\n- Is RootTestModule a valid NestJS module?\n- If ContractCacheService is a provider, is it part of the current RootTestModule?\n- If ContractCacheService is exported from a separate @Module, is that module imported within RootTestModule?\n  @Module({\n    imports: [ /* the Module containing ContractCacheService */ ]\n  })\n\nFor more common dependency resolution issues, see: https://docs.nestjs.com/faq/common-errors\n    at TestingInjector.lookupComponentInParentModules (C:\\Users\\Adegoke's Pc\\Desktop\\Harvest-Finance\\harvest-finance\\backend\\node_modules\\@nestjs\\core\\injector\\injector.js:290:19)\n    at TestingInjector.resolveComponentWrapper (C:\\Users\\Adegoke's Pc\\Desktop\\Harvest-Finance\\harvest-finance\\backend\\node_modules\\@nestjs\\testing\\testing-injector.js:19:45)\n    at resolveParam (C:\\Users\\Adegoke's Pc\\Desktop\\Harvest-Finance\\harvest-finance\\backend\\node_modules\\@nestjs\\core\\injector\\injector.js:140:38)\n    at async Promise.all (index 7)\n    at TestingInjector.resolveConstructorParams (C:\\Users\\Adegoke's Pc\\Desktop\\Harvest-Finance\\harvest-finance\\backend\\node_modules\\@nestjs\\core\\injector\\injector.js:169:27)\n    at TestingInjector.loadInstance (C:\\Users\\Adegoke's Pc\\Desktop\\Harvest-Finance\\harvest-finance\\backend\\node_modules\\@nestjs\\core\\injector\\injector.js:75:13)\n    at TestingInjector.loadProvider (C:\\Users\\Adegoke's Pc\\Desktop\\Harvest-Finance\\harvest-finance\\backend\\node_modules\\@nestjs\\core\\injector\\injector.js:103:9)\n    at C:\\Users\\Adegoke's Pc\\Desktop\\Harvest-Finance\\harvest-finance\\backend\\node_modules\\@nestjs\\core\\injector\\instance-loader.js:56:13\n    at async Promise.all (index 3)\n    at TestingInstanceLoader.createInstancesOfProviders (C:\\Users\\Adegoke's Pc\\Desktop\\Harvest-Finance\\harvest-finance\\backend\\node_modules\\@nestjs\\core\\injector\\instance-loader.js:55:9)\n    at C:\\Users\\Adegoke's Pc\\Desktop\\Harvest-Finance\\harvest-finance\\backend\\node_modules\\@nestjs\\core\\injector\\instance-loader.js:40:13\n    at async Promise.all (index 1)\n    at TestingInstanceLoader.createInstances (C:\\Users\\Adegoke's Pc\\Desktop\\Harvest-Finance\\harvest-finance\\backend\\node_modules\\@nestjs\\core\\injector\\instance-loader.js:39:9)\n    at TestingInstanceLoader.createInstancesOfDependencies (C:\\Users\\Adegoke's Pc\\Desktop\\Harvest-Finance\\harvest-finance\\backend\\node_modules\\@nestjs\\core\\injector\\instance-loader.js:22:13)\n    at TestingInstanceLoader.createInstancesOfDependencies (C:\\Users\\Adegoke's Pc\\Desktop\\Harvest-Finance\\harvest-finance\\backend\\node_modules\\@nestjs\\testing\\testing-instance-loader.js:9:9)\n    at TestingModuleBuilder.createInstancesOfDependencies (C:\\Users\\Adegoke's Pc\\Desktop\\Harvest-Finance\\harvest-finance\\backend\\node_modules\\@nestjs\\testing\\testing-module.builder.js:118:9)\n    at TestingModuleBuilder.compile (C:\\Users\\Adegoke's Pc\\Desktop\\Harvest-Finance\\harvest-finance\\backend\\node_modules\\@nestjs\\testing\\testing-module.builder.js:74:9)\n    at Object.<anonymous> (C:\\Users\\Adegoke's Pc\\Desktop\\Harvest-Finance\\harvest-finance\\backend\\src\\vaults\\vaults.service.spec.ts:67:35)"],"fullName":"VaultsService getApyHistory should return APY history for 7 days","invocations":1,"location":null,"numPassingAsserts":0,"retryReasons":[],"startAt":1780229910869,"status":"failed","title":"should return APY history for 7 days"},{"ancestorTitles":["VaultsService","getApyHistory"],"duration":10,"failing":false,"failureDetails":[{"type":"VaultsService","context":{"index":7,"dependencies":["VaultRepository","DepositRepository","WithdrawalRepository",null,null,null,null,null,null]},"metadata":{"id":"5c71d636a694a18ca5ac4"},"moduleRef":{"id":"2e904f484486a268ea2e8"}}],"failureMessages":["Error: Nest can't resolve dependencies of the VaultsService (VaultRepository, DepositRepository, WithdrawalRepository, DataSource, NotificationsService, CustomLoggerService, VaultGateway, ?, InputSanitizerService). Please make sure that the argument ContractCacheService at index [7] is available in the RootTestModule context.\n\nPotential solutions:\n- Is RootTestModule a valid NestJS module?\n- If ContractCacheService is a provider, is it part of the current RootTestModule?\n- If ContractCacheService is exported from a separate @Module, is that module imported within RootTestModule?\n  @Module({\n    imports: [ /* the Module containing ContractCacheService */ ]\n  })\n\nFor more common dependency resolution issues, see: https://docs.nestjs.com/faq/common-errors\n    at TestingInjector.lookupComponentInParentModules (C:\\Users\\Adegoke's Pc\\Desktop\\Harvest-Finance\\harvest-finance\\backend\\node_modules\\@nestjs\\core\\injector\\injector.js:290:19)\n    at TestingInjector.resolveComponentWrapper (C:\\Users\\Adegoke's Pc\\Desktop\\Harvest-Finance\\harvest-finance\\backend\\node_modules\\@nestjs\\testing\\testing-injector.js:19:45)\n    at resolveParam (C:\\Users\\Adegoke's Pc\\Desktop\\Harvest-Finance\\harvest-finance\\backend\\node_modules\\@nestjs\\core\\injector\\injector.js:140:38)\n    at async Promise.all (index 7)\n    at TestingInjector.resolveConstructorParams (C:\\Users\\Adegoke's Pc\\Desktop\\Harvest-Finance\\harvest-finance\\backend\\node_modules\\@nestjs\\core\\injector\\injector.js:169:27)\n    at TestingInjector.loadInstance (C:\\Users\\Adegoke's Pc\\Desktop\\Harvest-Finance\\harvest-finance\\backend\\node_modules\\@nestjs\\core\\injector\\injector.js:75:13)\n    at TestingInjector.loadProvider (C:\\Users\\Adegoke's Pc\\Desktop\\Harvest-Finance\\harvest-finance\\backend\\node_modules\\@nestjs\\core\\injector\\injector.js:103:9)\n    at C:\\Users\\Adegoke's Pc\\Desktop\\Harvest-Finance\\harvest-finance\\backend\\node_modules\\@nestjs\\core\\injector\\instance-loader.js:56:13\n    at async Promise.all (index 3)\n    at TestingInstanceLoader.createInstancesOfProviders (C:\\Users\\Adegoke's Pc\\Desktop\\Harvest-Finance\\harvest-finance\\backend\\node_modules\\@nestjs\\core\\injector\\instance-loader.js:55:9)\n    at C:\\Users\\Adegoke's Pc\\Desktop\\Harvest-Finance\\harvest-finance\\backend\\node_modules\\@nestjs\\core\\injector\\instance-loader.js:40:13\n    at async Promise.all (index 1)\n    at TestingInstanceLoader.createInstances (C:\\Users\\Adegoke's Pc\\Desktop\\Harvest-Finance\\harvest-finance\\backend\\node_modules\\@nestjs\\core\\injector\\instance-loader.js:39:9)\n    at TestingInstanceLoader.createInstancesOfDependencies (C:\\Users\\Adegoke's Pc\\Desktop\\Harvest-Finance\\harvest-finance\\backend\\node_modules\\@nestjs\\core\\injector\\instance-loader.js:22:13)\n    at TestingInstanceLoader.createInstancesOfDependencies (C:\\Users\\Adegoke's Pc\\Desktop\\Harvest-Finance\\harvest-finance\\backend\\node_modules\\@nestjs\\testing\\testing-instance-loader.js:9:9)\n    at TestingModuleBuilder.createInstancesOfDependencies (C:\\Users\\Adegoke's Pc\\Desktop\\Harvest-Finance\\harvest-finance\\backend\\node_modules\\@nestjs\\testing\\testing-module.builder.js:118:9)\n    at TestingModuleBuilder.compile (C:\\Users\\Adegoke's Pc\\Desktop\\Harvest-Finance\\harvest-finance\\backend\\node_modules\\@nestjs\\testing\\testing-module.builder.js:74:9)\n    at Object.<anonymous> (C:\\Users\\Adegoke's Pc\\Desktop\\Harvest-Finance\\harvest-finance\\backend\\src\\vaults\\vaults.service.spec.ts:67:35)"],"fullName":"VaultsService getApyHistory should return APY history for 90 days","invocations":1,"location":null,"numPassingAsserts":0,"retryReasons":[],"startAt":1780229910881,"status":"failed","title":"should return APY history for 90 days"},{"ancestorTitles":["VaultsService","getApyHistory"],"duration":8,"failing":false,"failureDetails":[{"type":"VaultsService","context":{"index":7,"dependencies":["VaultRepository","DepositRepository","WithdrawalRepository",null,null,null,null,null,null]},"metadata":{"id":"7ae44618ee7fdba0d1e94"},"moduleRef":{"id":"ac4cfbfca37ae44618ee7"}}],"failureMessages":["Error: Nest can't resolve dependencies of the VaultsService (VaultRepository, DepositRepository, WithdrawalRepository, DataSource, NotificationsService, CustomLoggerService, VaultGateway, ?, InputSanitizerService). Please make sure that the argument ContractCacheService at index [7] is available in the RootTestModule context.\n\nPotential solutions:\n- Is RootTestModule a valid NestJS module?\n- If ContractCacheService is a provider, is it part of the current RootTestModule?\n- If ContractCacheService is exported from a separate @Module, is that module imported within RootTestModule?\n  @Module({\n    imports: [ /* the Module containing ContractCacheService */ ]\n  })\n\nFor more common dependency resolution issues, see: https://docs.nestjs.com/faq/common-errors\n    at TestingInjector.lookupComponentInParentModules (C:\\Users\\Adegoke's Pc\\Desktop\\Harvest-Finance\\harvest-finance\\backend\\node_modules\\@nestjs\\core\\injector\\injector.js:290:19)\n    at TestingInjector.resolveComponentWrapper (C:\\Users\\Adegoke's Pc\\Desktop\\Harvest-Finance\\harvest-finance\\backend\\node_modules\\@nestjs\\testing\\testing-injector.js:19:45)\n    at resolveParam (C:\\Users\\Adegoke's Pc\\Desktop\\Harvest-Finance\\harvest-finance\\backend\\node_modules\\@nestjs\\core\\injector\\injector.js:140:38)\n    at async Promise.all (index 7)\n    at TestingInjector.resolveConstructorParams (C:\\Users\\Adegoke's Pc\\Desktop\\Harvest-Finance\\harvest-finance\\backend\\node_modules\\@nestjs\\core\\injector\\injector.js:169:27)\n    at TestingInjector.loadInstance (C:\\Users\\Adegoke's Pc\\Desktop\\Harvest-Finance\\harvest-finance\\backend\\node_modules\\@nestjs\\core\\injector\\injector.js:75:13)\n    at TestingInjector.loadProvider (C:\\Users\\Adegoke's Pc\\Desktop\\Harvest-Finance\\harvest-finance\\backend\\node_modules\\@nestjs\\core\\injector\\injector.js:103:9)\n    at C:\\Users\\Adegoke's Pc\\Desktop\\Harvest-Finance\\harvest-finance\\backend\\node_modules\\@nestjs\\core\\injector\\instance-loader.js:56:13\n    at async Promise.all (index 3)\n    at TestingInstanceLoader.createInstancesOfProviders (C:\\Users\\Adegoke's Pc\\Desktop\\Harvest-Finance\\harvest-finance\\backend\\node_modules\\@nestjs\\core\\injector\\instance-loader.js:55:9)\n    at C:\\Users\\Adegoke's Pc\\Desktop\\Harvest-Finance\\harvest-finance\\backend\\node_modules\\@nestjs\\core\\injector\\instance-loader.js:40:13\n    at async Promise.all (index 1)\n    at TestingInstanceLoader.createInstances (C:\\Users\\Adegoke's Pc\\Desktop\\Harvest-Finance\\harvest-finance\\backend\\node_modules\\@nestjs\\core\\injector\\instance-loader.js:39:9)\n    at TestingInstanceLoader.createInstancesOfDependencies (C:\\Users\\Adegoke's Pc\\Desktop\\Harvest-Finance\\harvest-finance\\backend\\node_modules\\@nestjs\\core\\injector\\instance-loader.js:22:13)\n    at TestingInstanceLoader.createInstancesOfDependencies (C:\\Users\\Adegoke's Pc\\Desktop\\Harvest-Finance\\harvest-finance\\backend\\node_modules\\@nestjs\\testing\\testing-instance-loader.js:9:9)\n    at TestingModuleBuilder.createInstancesOfDependencies (C:\\Users\\Adegoke's Pc\\Desktop\\Harvest-Finance\\harvest-finance\\backend\\node_modules\\@nestjs\\testing\\testing-module.builder.js:118:9)\n    at TestingModuleBuilder.compile (C:\\Users\\Adegoke's Pc\\Desktop\\Harvest-Finance\\harvest-finance\\backend\\node_modules\\@nestjs\\testing\\testing-module.builder.js:74:9)\n    at Object.<anonymous> (C:\\Users\\Adegoke's Pc\\Desktop\\Harvest-Finance\\harvest-finance\\backend\\src\\vaults\\vaults.service.spec.ts:67:35)"],"fullName":"VaultsServ
[...]
or HTTP 5xx — server / gateway errors retries on HTTP 503","invocations":1,"location":null,"numPassingAsserts":1,"retryReasons":[],"startAt":1780230331250,"status":"passed","title":"retries on HTTP 503"},{"ancestorTitles":["isRetryableStellarError","HTTP 5xx — server / gateway errors"],"duration":2,"failing":false,"failureDetails":[],"failureMessages":[],"fullName":"isRetryableStellarError HTTP 5xx — server / gateway errors retries on HTTP 504","invocations":1,"location":null,"numPassingAsserts":1,"retryReasons":[],"startAt":1780230331253,"status":"passed","title":"retries on HTTP 504"},{"ancestorTitles":["isRetryableStellarError","HTTP 5xx — server / gateway errors"],"duration":1,"failing":false,"failureDetails":[],"failureMessages":[],"fullName":"isRetryableStellarError HTTP 5xx — server / gateway errors retries on HTTP 599","invocations":1,"location":null,"numPassingAsserts":1,"retryReasons":[],"startAt":1780230331256,"status":"passed","title":"retries on HTTP 599"},{"ancestorTitles":["isRetryableStellarError","HTTP 5xx — server / gateway errors"],"duration":1,"failing":false,"failureDetails":[],"failureMessages":[],"fullName":"isRetryableStellarError HTTP 5xx — server / gateway errors does not retry on HTTP 600 (outside 5xx range)","invocations":1,"location":null,"numPassingAsserts":1,"retryReasons":[],"startAt":1780230331258,"status":"passed","title":"does not retry on HTTP 600 (outside 5xx range)"},{"ancestorTitles":["isRetryableStellarError","HTTP 4xx — client errors (non-retryable)"],"duration":2,"failing":false,"failureDetails":[],"failureMessages":[],"fullName":"isRetryableStellarError HTTP 4xx — client errors (non-retryable) does not retry on HTTP 400","invocations":1,"location":null,"numPassingAsserts":1,"retryReasons":[],"startAt":1780230331260,"status":"passed","title":"does not retry on HTTP 400"},{"ancestorTitles":["isRetryableStellarError","HTTP 4xx — client errors (non-retryable)"],"duration":2,"failing":false,"failureDetails":[],"failureMessages":[],"fullName":"isRetryableStellarError HTTP 4xx — client errors (non-retryable) does not retry on HTTP 401","invocations":1,"location":null,"numPassingAsserts":1,"retryReasons":[],"startAt":1780230331262,"status":"passed","title":"does not retry on HTTP 401"},{"ancestorTitles":["isRetryableStellarError","HTTP 4xx — client errors (non-retryable)"],"duration":2,"failing":false,"failureDetails":[],"failureMessages":[],"fullName":"isRetryableStellarError HTTP 4xx — client errors (non-retryable) does not retry on HTTP 403","invocations":1,"location":null,"numPassingAsserts":1,"retryReasons":[],"startAt":1780230331264,"status":"passed","title":"does not retry on HTTP 403"},{"ancestorTitles":["isRetryableStellarError","HTTP 4xx — client errors (non-retryable)"],"duration":2,"failing":false,"failureDetails":[],"failureMessages":[],"fullName":"isRetryableStellarError HTTP 4xx — client errors (non-retryable) does not retry on HTTP 404","invocations":1,"location":null,"numPassingAsserts":1,"retryReasons":[],"startAt":1780230331266,"status":"passed","title":"does not retry on HTTP 404"},{"ancestorTitles":["isRetryableStellarError","HTTP 4xx — client errors (non-retryable)"],"duration":2,"failing":false,"failureDetails":[],"failureMessages":[],"fullName":"isRetryableStellarError HTTP 4xx — client errors (non-retryable) does not retry on HTTP 409","invocations":1,"location":null,"numPassingAsserts":1,"retryReasons":[],"startAt":1780230331268,"status":"passed","title":"does not retry on HTTP 409"},{"ancestorTitles":["isRetryableStellarError","transient network error codes"],"duration":2,"failing":false,"failureDetails":[],"failureMessages":[],"fullName":"isRetryableStellarError transient network error codes retries on error code ECONNRESET","invocations":1,"location":null,"numPassingAsserts":1,"retryReasons":[],"startAt":1780230331271,"status":"passed","title":"retries on error code ECONNRESET"},{"ancestorTitles":["isRetryableStellarError","transient network error codes"],"duration":2,"failing":false,"failureDetails":[],"failureMessages":[],"fullName":"isRetryableStellarError transient network error codes retries on error code ECONNREFUSED","invocations":1,"location":null,"numPassingAsserts":1,"retryReasons":[],"startAt":1780230331273,"status":"passed","title":"retries on error code ECONNREFUSED"},{"ancestorTitles":["isRetryableStellarError","transient network error codes"],"duration":2,"failing":false,"failureDetails":[],"failureMessages":[],"fullName":"isRetryableStellarError transient network error codes retries on error code ECONNABORTED","invocations":1,"location":null,"numPassingAsserts":1,"retryReasons":[],"startAt":1780230331275,"status":"passed","title":"retries on error code ECONNABORTED"},{"ancestorTitles":["isRetryableStellarError","transient network error codes"],"duration":2,"failing":false,"failureDetails":[],"failureMessages":[],"fullName":"isRetryableStellarError transient network error codes retries on error code ETIMEDOUT","invocations":1,"location":null,"numPassingAsserts":1,"retryReasons":[],"startAt":1780230331277,"status":"passed","title":"retries on error code ETIMEDOUT"},{"ancestorTitles":["isRetryableStellarError","transient network error codes"],"duration":2,"failing":false,"failureDetails":[],"failureMessages":[],"fullName":"isRetryableStellarError transient network error codes retries on error code EAI_AGAIN","invocations":1,"location":null,"numPassingAsserts":1,"retryReasons":[],"startAt":1780230331279,"status":"passed","title":"retries on error code EAI_AGAIN"},{"ancestorTitles":["isRetryableStellarError","transient network error codes"],"duration":7,"failing":false,"failureDetails":[],"failureMessages":[],"fullName":"isRetryableStellarError transient network error codes retries on error code ENETUNREACH","invocations":1,"location":null,"numPassingAsserts":1,"retryReasons":[],"startAt":1780230331281,"status":"passed","title":"retries on error code ENETUNREACH"},{"ancestorTitles":["isRetryableStellarError","transient network error codes"],"duration":1,"failing":false,"failureDetails":[],"failureMessages":[],"fullName":"isRetryableStellarError transient network error codes retries on error code EHOSTUNREACH","invocations":1,"location":null,"numPassingAsserts":1,"retryReasons":[],"startAt":1780230331289,"status":"passed","title":"retries on error code EHOSTUNREACH"},{"ancestorTitles":["isRetryableStellarError","transient network error codes"],"duration":1,"failing":false,"failureDetails":[],"failureMessages":[],"fullName":"isRetryableStellarError transient network error codes retries on error code EPIPE","invocations":1,"location":null,"numPassingAsserts":1,"retryReasons":[],"startAt":1780230331291,"status":"passed","title":"retries on error code EPIPE"},{"ancestorTitles":["isRetryableStellarError","transient network error codes"],"duration":1,"failing":false,"failureDetails":[],"failureMessages":[],"fullName":"isRetryableStellarError transient network error codes does not retry on an unrecognised network error code","invocations":1,"location":null,"numPassingAsserts":1,"retryReasons":[],"startAt":1780230331293,"status":"passed","title":"does not retry on an unrecognised network error code"},{"ancestorTitles":["isRetryableStellarError","timeout messages"],"duration":2,"failing":false,"failureDetails":[],"failureMessages":[],"fullName":"isRetryableStellarError timeout messages retries when message is \"Request timeout exceeded\"","invocations":1,"location":null,"numPassingAsserts":1,"retryReasons":[],"startAt":1780230331295,"status":"passed","title":"retries when message is \"Request timeout exceeded\""},{"ancestorTitles":["isRetryableStellarError","timeout messages"],"duration":2,"failing":false,"failureDetails":[],"failureMessages":[],"fullName":"isRetryableStellarError timeout messages retries when message is \"TIMEOUT\"","invocations":1,"location":null,"numPassingAsserts":1,"retryReasons":[],"startAt":1780230331297,"status":"passed","title":"retries when message is \"TIMEOUT\""},{"ancestorTitles":["isRetryableStellarError","timeout messages"],"duration":2,"failing":false,"failureDetails":[],"failureMessages":[],"fullName":"isRetryableStellarError timeout messages retries when message is \"connection Timeout\"","invocations":1,"location":null,"numPassingAsserts":1,"retryReasons":[],"startAt":1780230331300,"status":"passed","title":"retries when message is \"connection Timeout\""},{"ancestorTitles":["isRetryableStellarError","timeout messages"],"duration":3,"failing":false,"failureDetails":[],"failureMessages":[],"fullName":"isRetryableStellarError timeout messages retries when message is \"read timeout after 30s\"","invocations":1,"location":null,"numPassingAsserts":1,"retryReasons":[],"startAt":1780230331302,"status":"passed","title":"retries when message is \"read timeout after 30s\""},{"ancestorTitles":["isRetryableStellarError","timeout messages"],"duration":2,"failing":false,"failureDetails":[],"failureMessages":[],"fullName":"isRetryableStellarError timeout messages does not retry when message does not mention timeout","invocations":1,"location":null,"numPassingAsserts":1,"retryReasons":[],"startAt":1780230331305,"status":"passed","title":"does not retry when message does not mention timeout"},{"ancestorTitles":["isRetryableStellarError","non-retryable / edge cases"],"duration":1,"failing":false,"failureDetails":[],"failureMessages":[],"fullName":"isRetryableStellarError non-retryable / edge cases does not retry on a plain Error with no network context","invocations":1,"location":null,"numPassingAsserts":1,"retryReasons":[],"startAt":1780230331308,"status":"passed","title":"does not retry on a plain Error with no network context"},{"ancestorTitles":["isRetryableStellarError","non-retryable / edge cases"],"duration":1,"failing":false,"failureDetails":[],"failureMessages":[],"fullName":"isRetryableStellarError non-retryable / edge cases does not retry on null","invocations":1,"location":null,"numPassingAsserts":1,"retryReasons":[],"startAt":1780230331310,"status":"passed","title":"does not retry on null"},{"ancestorTitles":["isRetryableStellarError","non-retryable / edge cases"],"duration":1,"failing":false,"failureDetails":[],"failureMessages":[],"fullName":"isRetryableStellarError non-retryable / edge cases does not retry on a primitive string","invocations":1,"location":null,"numPassingAsserts":1,"retryReasons":[],"startAt":1780230331312,"status":"passed","title":"does not retry on a primitive string"},{"ancestorTitles":["isRetryableStellarError","non-retryable / edge cases"],"duration":1,"failing":false,"failureDetails":[],"failureMessages":[],"fullName":"isRetryableStellarError non-retryable / edge cases does not retry on a number","invocations":1,"location":null,"numPassingAsserts":1,"retryReasons":[],"startAt":1780230331314,"status":"passed","title":"does not retry on a number"},{"ancestorTitles":["isRetryableStellarError","non-retryable / edge cases"],"duration":2,"failing":false,"failureDetails":[],"failureMessages":[],"fullName":"isRetryableStellarError non-retryable / edge cases does not retry on an empty object","invocations":1,"location":null,"numPassingAsserts":1,"retryReasons":[],"startAt":1780230331316,"status":"passed","title":"does not retry on an empty object"}],"endTime":1780230331322,"message":"","name":"C:\\Users\\Adegoke's Pc\\Desktop\\Harvest-Finance\\harvest-finance\\backend\\src\\stellar\\utils\\stellar-retry.spec.ts","startTime":1780230330886,"status":"passed","summary":""},{"assertionResults":[{"ancestorTitles":["HttpExceptionFilter"],"duration":17,"failing":false,"failureDetails":[],"failureMessages":[],"fullName":"HttpExceptionFilter maps HttpException to its status code and string message","invocations":1,"location":null,"numPassingAsserts":2,"retryReasons":[],"startAt":1780230331981,"status":"passed","title":"maps HttpException to its status code and string message"},{"ancestorTitles":["HttpExceptionFilter"],"duration":4,"failing":false,"failureDetails":[],"failureMessages":[],"fullName":"HttpExceptionFilter maps HttpException with object response to message field","invocations":1,"location":null,"numPassingAsserts":2,"retryReasons":[],"startAt":1780230331999,"status":"passed","title":"maps HttpException with object response to message field"},{"ancestorTitles":["HttpExceptionFilter"],"duration":3,"failing":false,"failureDetails":[],"failureMessages":[],"fullName":"HttpExceptionFilter maps generic Error to 500 with \"Internal server error\"","invocations":1,"location":null,"numPassingAsserts":2,"retryReasons":[],"startAt":1780230332004,"status":"passed","title":"maps generic Error to 500 with \"Internal server error\""},{"ancestorTitles":["HttpExceptionFilter"],"duration":3,"failing":false,"failureDetails":[],"failureMessages":[],"fullName":"HttpExceptionFilter maps non-Error unknown throws to 500","invocations":1,"location":null,"numPassingAsserts":2,"retryReasons":[],"startAt":1780230332007,"status":"passed","title":"maps non-Error unknown throws to 500"},{"ancestorTitles":["HttpExceptionFilter"],"duration":3,"failing":false,"failureDetails":[],"failureMessages":[],"fullName":"HttpExceptionFilter includes timestamp, path, and method in every response","invocations":1,"location":null,"numPassingAsserts":3,"retryReasons":[],"startAt":1780230332010,"status":"passed","title":"includes timestamp, path, and method in every response"}],"endTime":1780230332016,"message":"","name":"C:\\Users\\Adegoke's Pc\\Desktop\\Harvest-Finance\\harvest-finance\\backend\\src\\common\\filters\\http-exception.filter.spec.ts","startTime":1780230331427,"status":"passed","summary":""},{"assertionResults":[{"ancestorTitles":["RealtimeGateway – alert broadcasting","emitAlert"],"duration":5,"failing":false,"failureDetails":[],"failureMessages":[],"fullName":"RealtimeGateway – alert broadcasting emitAlert sends to \"admin\" room when target is \"admin\"","invocations":1,"location":null,"numPassingAsserts":2,"retryReasons":[],"startAt":1780230332969,"status":"passed","title":"sends to \"admin\" room when target is \"admin\""},{"ancestorTitles":["RealtimeGateway – alert broadcasting","emitAlert"],"duration":2,"failing":false,"failureDetails":[],"failureMessages":[],"fullName":"RealtimeGateway – alert broadcasting emitAlert sends to \"farmer:<id>\" room when target is a farmer id","invocations":1,"location":null,"numPassingAsserts":2,"retryReasons":[],"startAt":1780230332975,"status":"passed","title":"sends to \"farmer:<id>\" room when target is a farmer id"},{"ancestorTitles":["RealtimeGateway – alert broadcasting","emitAlert"],"duration":2,"failing":false,"failureDetails":[],"failureMessages":[],"fullName":"RealtimeGateway – alert broadcasting emitAlert does NOT broadcast admin alerts to farmer rooms","invocations":1,"location":null,"numPassingAsserts":1,"retryReasons":[],"startAt":1780230332978,"status":"passed","title":"does NOT broadcast admin alerts to farmer rooms"},{"ancestorTitles":["RealtimeGateway – alert broadcasting","emitAlert"],"duration":2,"failing":false,"failureDetails":[],"failureMessages":[],"fullName":"RealtimeGateway – alert broadcasting emitAlert does NOT broadcast farmer alerts to admin room","invocations":1,"location":null,"numPassingAsserts":1,"retryReasons":[],"startAt":1780230332981,"status":"passed","title":"does NOT broadcast farmer alerts to admin room"}],"endTime":1780230332986,"message":"","name":"C:\\Users\\Adegoke's Pc\\Desktop\\Harvest-Finance\\harvest-finance\\backend\\src\\realtime\\realtime.gateway.spec.ts","startTime":1780230332186,"status":"passed","summary":""},{"assertionResults":[{"ancestorTitles":["buildThrottlerOptions"],"duration":11,"failing":false,"failureDetails":[],"failureMessages":[],"fullName":"buildThrottlerOptions exposes short, medium, and long named tiers","invocations":1,"location":null,"numPassingAsserts":2,"retryReasons":[],"startAt":1780230333312,"status":"passed","title":"exposes short, medium, and long named tiers"},{"ancestorTitles":["buildThrottlerOptions"],"duration":6,"failing":false,"failureDetails":[],"failureMessages":[],"fullName":"buildThrottlerOptions falls back to safe defaults when env vars are unset","invocations":1,"location":null,"numPassingAsserts":3,"retryReasons":[],"startAt":1780230333325,"status":"passed","title":"falls back to safe defaults when env vars are unset"},{"ancestorTitles":["buildThrottlerOptions"],"duration":6,"failing":false,"failureDetails":[],"failureMessages":[],"fullName":"buildThrottlerOptions honors env-supplied overrides for every tier","invocations":1,"location":null,"numPassingAsserts":3,"retryReasons":[],"startAt":1780230333332,"status":"passed","title":"honors env-supplied overrides for every tier"}],"endTime":1780230333341,"message":"","name":"C:\\Users\\Adegoke's Pc\\Desktop\\Harvest-Finance\\harvest-finance\\backend\\src\\common\\config\\throttler.config.spec.ts","startTime":1780230333047,"status":"passed","summary":""},{"assertionResults":[],"coverage":{},"endTime":1780230340131,"message":"  ● Test suite failed to run\n\n    Cannot find module './strategies/jwt.strategy' from 'auth/strategies/jwt-expiry.spec.ts'\n\n    \u001b[0m \u001b[90m 4 |\u001b[39m \u001b[36mimport\u001b[39m { getRepositoryToken } \u001b[36mfrom\u001b[39m \u001b[32m'@nestjs/typeorm'\u001b[39m\u001b[33m;\u001b[39m\n     \u001b[90m 5 |\u001b[39m \u001b[36mimport\u001b[39m \u001b[33m*\u001b[39m \u001b[36mas\u001b[39m jwt \u001b[36mfrom\u001b[39m \u001b[32m'jsonwebtoken'\u001b[39m\u001b[33m;\u001b[39m\n    \u001b[31m\u001b[1m>\u001b[22m\u001b[39m\u001b[90m 6 |\u001b[39m \u001b[36mimport\u001b[39m { \u001b[33mJwtStrategy\u001b[39m } \u001b[36mfrom\u001b[39m \u001b[32m'./strategies/jwt.strategy'\u001b[39m\u001b[33m;\u001b[39m\n     \u001b[90m   |\u001b[39m \u001b[31m\u001b[1m^\u001b[22m\u001b[39m\n     \u001b[90m 7 |\u001b[39m \u001b[36mimport\u001b[39m { \u001b[33mJwtRefreshStrategy\u001b[39m } \u001b[36mfrom\u001b[39m \u001b[32m'./strategies/jwt-refresh.strategy'\u001b[39m\u001b[33m;\u001b[39m\n     \u001b[90m 8 |\u001b[39m \u001b[36mimport\u001b[39m { \u001b[33mUser\u001b[39m\u001b[33m,\u001b[39m \u001b[33mUserRole\u001b[39m } \u001b[36mfrom\u001b[39m \u001b[32m'../database/entities/user.entity'\u001b[39m\u001b[33m;\u001b[39m\n     \u001b[90m 9 |\u001b[39m\u001b[0m\n\n      at Resolver._throwModNotFoundError (../node_modules/jest-resolve/build/index.js:863:11)\n      at Object.<anonymous> (auth/strategies/jwt-expiry.spec.ts:6:1)\n","name":"C:\\Users\\Adegoke's Pc\\Desktop\\Harvest-Finance\\harvest-finance\\backend\\src\\auth\\strategies\\jwt-expiry.spec.ts","startTime":1780230340131,"status":"failed","summary":""},{"assertionResults":[],"coverage":{},"endTime":1780230340131,"message":"  ● Test suite failed to run\n\n    Cannot find module './custom-logger.service' from 'coop-marketplace/custom-logger.service.spec.ts'\n\n    \u001b[0m\u001b[31m\u001b[1m>\u001b[22m\u001b[39m\u001b[90m 1 |\u001b[39m \u001b[36mimport\u001b[39m { \u001b[33mCustomLoggerService\u001b[39m } \u001b[36mfrom\u001b[39m \u001b[32m'./custom-logger.service'\u001b[39m\u001b[33m;\u001b[39m\n     \u001b[90m   |\u001b[39m \u001b[31m\u001b[1m^\u001b[22m\u001b[39m\n     \u001b[90m 2 |\u001b[39m\n     \u001b[90m 3 |\u001b[39m type \u001b[33mCaptured\u001b[39m \u001b[33m=\u001b[39m { level\u001b[33m:\u001b[39m string\u001b[33m;\u001b[39m obj\u001b[33m:\u001b[39m \u001b[33mRecord\u001b[39m\u001b[33m<\u001b[39m\u001b[33mstring\u001b[39m\u001b[33m,\u001b[39m unknown\u001b[33m>\u001b[39m\u001b[33m;\u001b[39m msg\u001b[33m:\u001b[39m string }\u001b[33m;\u001b[39m\n     \u001b[90m 4 |\u001b[39m\u001b[0m\n\n      at Resolver._throwModNotFoundError (../node_modules/jest-resolve/build/index.js:863:11)\n      at Object.<anonymous> (coop-marketplace/custom-logger.service.spec.ts:1:1)\n","name":"C:\\Users\\Adegoke's Pc\\Desktop\\Harvest-Finance\\harvest-finance\\backend\\src\\coop-marketplace\\custom-logger.service.spec.ts","startTime":1780230340131,"status":"failed","summary":""}],"wasInterrupted":false}
